The system is: Linux - 3.14.8-100.fc19.x86_64 - x86_64
Compiling the CXX compiler identification source file "CMakeCXXCompilerId.cpp" succeeded.
Compiler: /usr/bin/c++ 
Build flags: 
Id flags: 

The output was:
0


Compilation of the CXX compiler identification source "CMakeCXXCompilerId.cpp" produced "a.out"

The CXX compiler identification is GNU, found in "/home/andras/rrr-size-vs-density/sdsl-lite/lib/src/sdsl-lite/build/CMakeFiles/2.8.12.2/CompilerIdCXX/a.out"

Compiling the C compiler identification source file "CMakeCCompilerId.c" succeeded.
Compiler: /usr/bin/cc 
Build flags: 
Id flags: 

The output was:
0


Compilation of the C compiler identification source "CMakeCCompilerId.c" produced "a.out"

The C compiler identification is GNU, found in "/home/andras/rrr-size-vs-density/sdsl-lite/lib/src/sdsl-lite/build/CMakeFiles/2.8.12.2/CompilerIdC/a.out"

Determining if the CXX compiler works passed with the following output:
Change Dir: /home/andras/rrr-size-vs-density/sdsl-lite/lib/src/sdsl-lite/build/CMakeFiles/CMakeTmp

Run Build Command:/usr/bin/gmake "cmTryCompileExec3535139713/fast"
gmake[1]: Entering directory `/home/andras/rrr-size-vs-density/sdsl-lite/lib/src/sdsl-lite/build/CMakeFiles/CMakeTmp'
/usr/bin/gmake -f CMakeFiles/cmTryCompileExec3535139713.dir/build.make CMakeFiles/cmTryCompileExec3535139713.dir/build
gmake[2]: Entering directory `/home/andras/rrr-size-vs-density/sdsl-lite/lib/src/sdsl-lite/build/CMakeFiles/CMakeTmp'
/usr/bin/cmake -E cmake_progress_report /home/andras/rrr-size-vs-density/sdsl-lite/lib/src/sdsl-lite/build/CMakeFiles/CMakeTmp/CMakeFiles 1
Building CXX object CMakeFiles/cmTryCompileExec3535139713.dir/testCXXCompiler.cxx.o
/usr/bin/c++     -o CMakeFiles/cmTryCompileExec3535139713.dir/testCXXCompiler.cxx.o -c /home/andras/rrr-size-vs-density/sdsl-lite/lib/src/sdsl-lite/build/CMakeFiles/CMakeTmp/testCXXCompiler.cxx
Linking CXX executable cmTryCompileExec3535139713
/usr/bin/cmake -E cmake_link_script CMakeFiles/cmTryCompileExec3535139713.dir/link.txt --verbose=1
/usr/bin/c++        CMakeFiles/cmTryCompileExec3535139713.dir/testCXXCompiler.cxx.o  -o cmTryCompileExec3535139713 -rdynamic 
gmake[2]: Leaving directory `/home/andras/rrr-size-vs-density/sdsl-lite/lib/src/sdsl-lite/build/CMakeFiles/CMakeTmp'
gmake[1]: Leaving directory `/home/andras/rrr-size-vs-density/sdsl-lite/lib/src/sdsl-lite/build/CMakeFiles/CMakeTmp'


Detecting CXX compiler ABI info compiled with the following output:
Change Dir: /home/andras/rrr-size-vs-density/sdsl-lite/lib/src/sdsl-lite/build/CMakeFiles/CMakeTmp

Run Build Command:/usr/bin/gmake "cmTryCompileExec1467694918/fast"
gmake[1]: Entering directory `/home/andras/rrr-size-vs-density/sdsl-lite/lib/src/sdsl-lite/build/CMakeFiles/CMakeTmp'
/usr/bin/gmake -f CMakeFiles/cmTryCompileExec1467694918.dir/build.make CMakeFiles/cmTryCompileExec1467694918.dir/build
gmake[2]: Entering directory `/home/andras/rrr-size-vs-density/sdsl-lite/lib/src/sdsl-lite/build/CMakeFiles/CMakeTmp'
/usr/bin/cmake -E cmake_progress_report /home/andras/rrr-size-vs-density/sdsl-lite/lib/src/sdsl-lite/build/CMakeFiles/CMakeTmp/CMakeFiles 1
Building CXX object CMakeFiles/cmTryCompileExec1467694918.dir/CMakeCXXCompilerABI.cpp.o
/usr/bin/c++     -o CMakeFiles/cmTryCompileExec1467694918.dir/CMakeCXXCompilerABI.cpp.o -c /usr/share/cmake/Modules/CMakeCXXCompilerABI.cpp
Linking CXX executable cmTryCompileExec1467694918
/usr/bin/cmake -E cmake_link_script CMakeFiles/cmTryCompileExec1467694918.dir/link.txt --verbose=1
/usr/bin/c++      -v CMakeFiles/cmTryCompileExec1467694918.dir/CMakeCXXCompilerABI.cpp.o  -o cmTryCompileExec1467694918 -rdynamic  
Using built-in specs.
COLLECT_GCC=/usr/bin/c++
COLLECT_LTO_WRAPPER=/usr/libexec/gcc/x86_64-redhat-linux/4.8.2/lto-wrapper
Target: x86_64-redhat-linux
Configured with: ../configure --prefix=/usr --mandir=/usr/share/man --infodir=/usr/share/info --with-bugurl=http://bugzilla.redhat.com/bugzilla --enable-bootstrap --enable-shared --enable-threads=posix --enable-checking=release --with-system-zlib --enable-__cxa_atexit --disable-libunwind-exceptions --enable-gnu-unique-object --enable-linker-build-id --with-linker-hash-style=gnu --enable-languages=c,c++,objc,obj-c++,java,fortran,ada,go,lto --enable-plugin --enable-initfini-array --enable-java-awt=gtk --disable-dssi --with-java-home=/usr/lib/jvm/java-1.5.0-gcj-1.5.0.0/jre --enable-libgcj-multifile --enable-java-maintainer-mode --with-ecj-jar=/usr/share/java/eclipse-ecj.jar --disable-libjava-multilib --with-isl=/builddir/build/BUILD/gcc-4.8.2-20131212/obj-x86_64-redhat-linux/isl-install --with-cloog=/builddir/build/BUILD/gcc-4.8.2-20131212/obj-x86_64-redhat-linux/cloog-install --with-tune=generic --with-arch_32=i686 --build=x86_64-redhat-linux
Thread model: posix
gcc version 4.8.2 20131212 (Red Hat 4.8.2-7) (GCC) 
COMPILER_PATH=/usr/libexec/gcc/x86_64-redhat-linux/4.8.2/:/usr/libexec/gcc/x86_64-redhat-linux/4.8.2/:/usr/libexec/gcc/x86_64-redhat-linux/:/usr/lib/gcc/x86_64-redhat-linux/4.8.2/:/usr/lib/gcc/x86_64-redhat-linux/
LIBRARY_PATH=/usr/lib/gcc/x86_64-redhat-linux/4.8.2/:/usr/lib/gcc/x86_64-redhat-linux/4.8.2/../../../../lib64/:/lib/../lib64/:/usr/lib/../lib64/:/usr/lib/gcc/x86_64-redhat-linux/4.8.2/../../../:/lib/:/usr/lib/
COLLECT_GCC_OPTIONS='-v' '-o' 'cmTryCompileExec1467694918' '-rdynamic' '-shared-libgcc' '-mtune=generic' '-march=x86-64'
 /usr/libexec/gcc/x86_64-redhat-linux/4.8.2/collect2 --build-id --no-add-needed --eh-frame-hdr --hash-style=gnu -m elf_x86_64 -export-dynamic -dynamic-linker /lib64/ld-linux-x86-64.so.2 -o cmTryCompileExec1467694918 /usr/lib/gcc/x86_64-redhat-linux/4.8.2/../../../../lib64/crt1.o /usr/lib/gcc/x86_64-redhat-linux/4.8.2/../../../../lib64/crti.o /usr/lib/gcc/x86_64-redhat-linux/4.8.2/crtbegin.o -L/usr/lib/gcc/x86_64-redhat-linux/4.8.2 -L/usr/lib/gcc/x86_64-redhat-linux/4.8.2/../../../../lib64 -L/lib/../lib64 -L/usr/lib/../lib64 -L/usr/lib/gcc/x86_64-redhat-linux/4.8.2/../../.. CMakeFiles/cmTryCompileExec1467694918.dir/CMakeCXXCompilerABI.cpp.o -lstdc++ -lm -lgcc_s -lgcc -lc -lgcc_s -lgcc /usr/lib/gcc/x86_64-redhat-linux/4.8.2/crtend.o /usr/lib/gcc/x86_64-redhat-linux/4.8.2/../../../../lib64/crtn.o
gmake[2]: Leaving directory `/home/andras/rrr-size-vs-density/sdsl-lite/lib/src/sdsl-lite/build/CMakeFiles/CMakeTmp'
gmake[1]: Leaving directory `/home/andras/rrr-size-vs-density/sdsl-lite/lib/src/sdsl-lite/build/CMakeFiles/CMakeTmp'


Parsed CXX implicit link information from above output:
  link line regex: [^( *|.*[/\])(ld|([^/\]+-)?ld|collect2)[^/\]*( |$)]
  ignore line: [Change Dir: /home/andras/rrr-size-vs-density/sdsl-lite/lib/src/sdsl-lite/build/CMakeFiles/CMakeTmp]
  ignore line: []
  ignore line: [Run Build Command:/usr/bin/gmake "cmTryCompileExec1467694918/fast"]
  ignore line: [gmake[1]: Entering directory `/home/andras/rrr-size-vs-density/sdsl-lite/lib/src/sdsl-lite/build/CMakeFiles/CMakeTmp']
  ignore line: [/usr/bin/gmake -f CMakeFiles/cmTryCompileExec1467694918.dir/build.make CMakeFiles/cmTryCompileExec1467694918.dir/build]
  ignore line: [gmake[2]: Entering directory `/home/andras/rrr-size-vs-density/sdsl-lite/lib/src/sdsl-lite/build/CMakeFiles/CMakeTmp']
  ignore line: [/usr/bin/cmake -E cmake_progress_report /home/andras/rrr-size-vs-density/sdsl-lite/lib/src/sdsl-lite/build/CMakeFiles/CMakeTmp/CMakeFiles 1]
  ignore line: [Building CXX object CMakeFiles/cmTryCompileExec1467694918.dir/CMakeCXXCompilerABI.cpp.o]
  ignore line: [/usr/bin/c++     -o CMakeFiles/cmTryCompileExec1467694918.dir/CMakeCXXCompilerABI.cpp.o -c /usr/share/cmake/Modules/CMakeCXXCompilerABI.cpp]
  ignore line: [Linking CXX executable cmTryCompileExec1467694918]
  ignore line: [/usr/bin/cmake -E cmake_link_script CMakeFiles/cmTryCompileExec1467694918.dir/link.txt --verbose=1]
  ignore line: [/usr/bin/c++      -v CMakeFiles/cmTryCompileExec1467694918.dir/CMakeCXXCompilerABI.cpp.o  -o cmTryCompileExec1467694918 -rdynamic  ]
  ignore line: [Using built-in specs.]
  ignore line: [COLLECT_GCC=/usr/bin/c++]
  ignore line: [COLLECT_LTO_WRAPPER=/usr/libexec/gcc/x86_64-redhat-linux/4.8.2/lto-wrapper]
  ignore line: [Target: x86_64-redhat-linux]
  ignore line: [Configured with: ../configure --prefix=/usr --mandir=/usr/share/man --infodir=/usr/share/info --with-bugurl=http://bugzilla.redhat.com/bugzilla --enable-bootstrap --enable-shared --enable-threads=posix --enable-checking=release --with-system-zlib --enable-__cxa_atexit --disable-libunwind-exceptions --enable-gnu-unique-object --enable-linker-build-id --with-linker-hash-style=gnu --enable-languages=c,c++,objc,obj-c++,java,fortran,ada,go,lto --enable-plugin --enable-initfini-array --enable-java-awt=gtk --disable-dssi --with-java-home=/usr/lib/jvm/java-1.5.0-gcj-1.5.0.0/jre --enable-libgcj-multifile --enable-java-maintainer-mode --with-ecj-jar=/usr/share/java/eclipse-ecj.jar --disable-libjava-multilib --with-isl=/builddir/build/BUILD/gcc-4.8.2-20131212/obj-x86_64-redhat-linux/isl-install --with-cloog=/builddir/build/BUILD/gcc-4.8.2-20131212/obj-x86_64-redhat-linux/cloog-install --with-tune=generic --with-arch_32=i686 --build=x86_64-redhat-linux]
  ignore line: [Thread model: posix]
  ignore line: [gcc version 4.8.2 20131212 (Red Hat 4.8.2-7) (GCC) ]
  ignore line: [COMPILER_PATH=/usr/libexec/gcc/x86_64-redhat-linux/4.8.2/:/usr/libexec/gcc/x86_64-redhat-linux/4.8.2/:/usr/libexec/gcc/x86_64-redhat-linux/:/usr/lib/gcc/x86_64-redhat-linux/4.8.2/:/usr/lib/gcc/x86_64-redhat-linux/]
  ignore line: [LIBRARY_PATH=/usr/lib/gcc/x86_64-redhat-linux/4.8.2/:/usr/lib/gcc/x86_64-redhat-linux/4.8.2/../../../../lib64/:/lib/../lib64/:/usr/lib/../lib64/:/usr/lib/gcc/x86_64-redhat-linux/4.8.2/../../../:/lib/:/usr/lib/]
  ignore line: [COLLECT_GCC_OPTIONS='-v' '-o' 'cmTryCompileExec1467694918' '-rdynamic' '-shared-libgcc' '-mtune=generic' '-march=x86-64']
  link line: [ /usr/libexec/gcc/x86_64-redhat-linux/4.8.2/collect2 --build-id --no-add-needed --eh-frame-hdr --hash-style=gnu -m elf_x86_64 -export-dynamic -dynamic-linker /lib64/ld-linux-x86-64.so.2 -o cmTryCompileExec1467694918 /usr/lib/gcc/x86_64-redhat-linux/4.8.2/../../../../lib64/crt1.o /usr/lib/gcc/x86_64-redhat-linux/4.8.2/../../../../lib64/crti.o /usr/lib/gcc/x86_64-redhat-linux/4.8.2/crtbegin.o -L/usr/lib/gcc/x86_64-redhat-linux/4.8.2 -L/usr/lib/gcc/x86_64-redhat-linux/4.8.2/../../../../lib64 -L/lib/../lib64 -L/usr/lib/../lib64 -L/usr/lib/gcc/x86_64-redhat-linux/4.8.2/../../.. CMakeFiles/cmTryCompileExec1467694918.dir/CMakeCXXCompilerABI.cpp.o -lstdc++ -lm -lgcc_s -lgcc -lc -lgcc_s -lgcc /usr/lib/gcc/x86_64-redhat-linux/4.8.2/crtend.o /usr/lib/gcc/x86_64-redhat-linux/4.8.2/../../../../lib64/crtn.o]
    arg [/usr/libexec/gcc/x86_64-redhat-linux/4.8.2/collect2] ==> ignore
    arg [--build-id] ==> ignore
    arg [--no-add-needed] ==> ignore
    arg [--eh-frame-hdr] ==> ignore
    arg [--hash-style=gnu] ==> ignore
    arg [-m] ==> ignore
    arg [elf_x86_64] ==> ignore
    arg [-export-dynamic] ==> ignore
    arg [-dynamic-linker] ==> ignore
    arg [/lib64/ld-linux-x86-64.so.2] ==> ignore
    arg [-o] ==> ignore
    arg [cmTryCompileExec1467694918] ==> ignore
    arg [/usr/lib/gcc/x86_64-redhat-linux/4.8.2/../../../../lib64/crt1.o] ==> ignore
    arg [/usr/lib/gcc/x86_64-redhat-linux/4.8.2/../../../../lib64/crti.o] ==> ignore
    arg [/usr/lib/gcc/x86_64-redhat-linux/4.8.2/crtbegin.o] ==> ignore
    arg [-L/usr/lib/gcc/x86_64-redhat-linux/4.8.2] ==> dir [/usr/lib/gcc/x86_64-redhat-linux/4.8.2]
    arg [-L/usr/lib/gcc/x86_64-redhat-linux/4.8.2/../../../../lib64] ==> dir [/usr/lib/gcc/x86_64-redhat-linux/4.8.2/../../../../lib64]
    arg [-L/lib/../lib64] ==> dir [/lib/../lib64]
    arg [-L/usr/lib/../lib64] ==> dir [/usr/lib/../lib64]
    arg [-L/usr/lib/gcc/x86_64-redhat-linux/4.8.2/../../..] ==> dir [/usr/lib/gcc/x86_64-redhat-linux/4.8.2/../../..]
    arg [CMakeFiles/cmTryCompileExec1467694918.dir/CMakeCXXCompilerABI.cpp.o] ==> ignore
    arg [-lstdc++] ==> lib [stdc++]
    arg [-lm] ==> lib [m]
    arg [-lgcc_s] ==> lib [gcc_s]
    arg [-lgcc] ==> lib [gcc]
    arg [-lc] ==> lib [c]
    arg [-lgcc_s] ==> lib [gcc_s]
    arg [-lgcc] ==> lib [gcc]
    arg [/usr/lib/gcc/x86_64-redhat-linux/4.8.2/crtend.o] ==> ignore
    arg [/usr/lib/gcc/x86_64-redhat-linux/4.8.2/../../../../lib64/crtn.o] ==> ignore
  remove lib [gcc_s]
  remove lib [gcc]
  remove lib [gcc_s]
  remove lib [gcc]
  collapse library dir [/usr/lib/gcc/x86_64-redhat-linux/4.8.2] ==> [/usr/lib/gcc/x86_64-redhat-linux/4.8.2]
  collapse library dir [/usr/lib/gcc/x86_64-redhat-linux/4.8.2/../../../../lib64] ==> [/usr/lib64]
  collapse library dir [/lib/../lib64] ==> [/lib64]
  collapse library dir [/usr/lib/../lib64] ==> [/usr/lib64]
  collapse library dir [/usr/lib/gcc/x86_64-redhat-linux/4.8.2/../../..] ==> [/usr/lib]
  implicit libs: [stdc++;m;c]
  implicit dirs: [/usr/lib/gcc/x86_64-redhat-linux/4.8.2;/usr/lib64;/lib64;/usr/lib]
  implicit fwks: []


Determining if the C compiler works passed with the following output:
Change Dir: /home/andras/rrr-size-vs-density/sdsl-lite/lib/src/sdsl-lite/build/CMakeFiles/CMakeTmp

Run Build Command:/usr/bin/gmake "cmTryCompileExec4013399984/fast"
gmake[1]: Entering directory `/home/andras/rrr-size-vs-density/sdsl-lite/lib/src/sdsl-lite/build/CMakeFiles/CMakeTmp'
/usr/bin/gmake -f CMakeFiles/cmTryCompileExec4013399984.dir/build.make CMakeFiles/cmTryCompileExec4013399984.dir/build
gmake[2]: Entering directory `/home/andras/rrr-size-vs-density/sdsl-lite/lib/src/sdsl-lite/build/CMakeFiles/CMakeTmp'
/usr/bin/cmake -E cmake_progress_report /home/andras/rrr-size-vs-density/sdsl-lite/lib/src/sdsl-lite/build/CMakeFiles/CMakeTmp/CMakeFiles 1
Building C object CMakeFiles/cmTryCompileExec4013399984.dir/testCCompiler.c.o
/usr/bin/cc    -o CMakeFiles/cmTryCompileExec4013399984.dir/testCCompiler.c.o   -c /home/andras/rrr-size-vs-density/sdsl-lite/lib/src/sdsl-lite/build/CMakeFiles/CMakeTmp/testCCompiler.c
Linking C executable cmTryCompileExec4013399984
/usr/bin/cmake -E cmake_link_script CMakeFiles/cmTryCompileExec4013399984.dir/link.txt --verbose=1
/usr/bin/cc       CMakeFiles/cmTryCompileExec4013399984.dir/testCCompiler.c.o  -o cmTryCompileExec4013399984 -rdynamic 
gmake[2]: Leaving directory `/home/andras/rrr-size-vs-density/sdsl-lite/lib/src/sdsl-lite/build/CMakeFiles/CMakeTmp'
gmake[1]: Leaving directory `/home/andras/rrr-size-vs-density/sdsl-lite/lib/src/sdsl-lite/build/CMakeFiles/CMakeTmp'


Detecting C compiler ABI info compiled with the following output:
Change Dir: /home/andras/rrr-size-vs-density/sdsl-lite/lib/src/sdsl-lite/build/CMakeFiles/CMakeTmp

Run Build Command:/usr/bin/gmake "cmTryCompileExec1326457424/fast"
gmake[1]: Entering directory `/home/andras/rrr-size-vs-density/sdsl-lite/lib/src/sdsl-lite/build/CMakeFiles/CMakeTmp'
/usr/bin/gmake -f CMakeFiles/cmTryCompileExec1326457424.dir/build.make CMakeFiles/cmTryCompileExec1326457424.dir/build
gmake[2]: Entering directory `/home/andras/rrr-size-vs-density/sdsl-lite/lib/src/sdsl-lite/build/CMakeFiles/CMakeTmp'
/usr/bin/cmake -E cmake_progress_report /home/andras/rrr-size-vs-density/sdsl-lite/lib/src/sdsl-lite/build/CMakeFiles/CMakeTmp/CMakeFiles 1
Building C object CMakeFiles/cmTryCompileExec1326457424.dir/CMakeCCompilerABI.c.o
/usr/bin/cc    -o CMakeFiles/cmTryCompileExec1326457424.dir/CMakeCCompilerABI.c.o   -c /usr/share/cmake/Modules/CMakeCCompilerABI.c
Linking C executable cmTryCompileExec1326457424
/usr/bin/cmake -E cmake_link_script CMakeFiles/cmTryCompileExec1326457424.dir/link.txt --verbose=1
/usr/bin/cc     -v CMakeFiles/cmTryCompileExec1326457424.dir/CMakeCCompilerABI.c.o  -o cmTryCompileExec1326457424 -rdynamic  
Using built-in specs.
COLLECT_GCC=/usr/bin/cc
COLLECT_LTO_WRAPPER=/usr/libexec/gcc/x86_64-redhat-linux/4.8.2/lto-wrapper
Target: x86_64-redhat-linux
Configured with: ../configure --prefix=/usr --mandir=/usr/share/man --infodir=/usr/share/info --with-bugurl=http://bugzilla.redhat.com/bugzilla --enable-bootstrap --enable-shared --enable-threads=posix --enable-checking=release --with-system-zlib --enable-__cxa_atexit --disable-libunwind-exceptions --enable-gnu-unique-object --enable-linker-build-id --with-linker-hash-style=gnu --enable-languages=c,c++,objc,obj-c++,java,fortran,ada,go,lto --enable-plugin --enable-initfini-array --enable-java-awt=gtk --disable-dssi --with-java-home=/usr/lib/jvm/java-1.5.0-gcj-1.5.0.0/jre --enable-libgcj-multifile --enable-java-maintainer-mode --with-ecj-jar=/usr/share/java/eclipse-ecj.jar --disable-libjava-multilib --with-isl=/builddir/build/BUILD/gcc-4.8.2-20131212/obj-x86_64-redhat-linux/isl-install --with-cloog=/builddir/build/BUILD/gcc-4.8.2-20131212/obj-x86_64-redhat-linux/cloog-install --with-tune=generic --with-arch_32=i686 --build=x86_64-redhat-linux
Thread model: posix
gcc version 4.8.2 20131212 (Red Hat 4.8.2-7) (GCC) 
COMPILER_PATH=/usr/libexec/gcc/x86_64-redhat-linux/4.8.2/:/usr/libexec/gcc/x86_64-redhat-linux/4.8.2/:/usr/libexec/gcc/x86_64-redhat-linux/:/usr/lib/gcc/x86_64-redhat-linux/4.8.2/:/usr/lib/gcc/x86_64-redhat-linux/
LIBRARY_PATH=/usr/lib/gcc/x86_64-redhat-linux/4.8.2/:/usr/lib/gcc/x86_64-redhat-linux/4.8.2/../../../../lib64/:/lib/../lib64/:/usr/lib/../lib64/:/usr/lib/gcc/x86_64-redhat-linux/4.8.2/../../../:/lib/:/usr/lib/
COLLECT_GCC_OPTIONS='-v' '-o' 'cmTryCompileExec1326457424' '-rdynamic' '-mtune=generic' '-march=x86-64'
 /usr/libexec/gcc/x86_64-redhat-linux/4.8.2/collect2 --build-id --no-add-needed --eh-frame-hdr --hash-style=gnu -m elf_x86_64 -export-dynamic -dynamic-linker /lib64/ld-linux-x86-64.so.2 -o cmTryCompileExec1326457424 /usr/lib/gcc/x86_64-redhat-linux/4.8.2/../../../../lib64/crt1.o /usr/lib/gcc/x86_64-redhat-linux/4.8.2/../../../../lib64/crti.o /usr/lib/gcc/x86_64-redhat-linux/4.8.2/crtbegin.o -L/usr/lib/gcc/x86_64-redhat-linux/4.8.2 -L/usr/lib/gcc/x86_64-redhat-linux/4.8.2/../../../../lib64 -L/lib/../lib64 -L/usr/lib/../lib64 -L/usr/lib/gcc/x86_64-redhat-linux/4.8.2/../../.. CMakeFiles/cmTryCompileExec1326457424.dir/CMakeCCompilerABI.c.o -lgcc --as-needed -lgcc_s --no-as-needed -lc -lgcc --as-needed -lgcc_s --no-as-needed /usr/lib/gcc/x86_64-redhat-linux/4.8.2/crtend.o /usr/lib/gcc/x86_64-redhat-linux/4.8.2/../../../../lib64/crtn.o
gmake[2]: Leaving directory `/home/andras/rrr-size-vs-density/sdsl-lite/lib/src/sdsl-lite/build/CMakeFiles/CMakeTmp'
gmake[1]: Leaving directory `/home/andras/rrr-size-vs-density/sdsl-lite/lib/src/sdsl-lite/build/CMakeFiles/CMakeTmp'


Parsed C implicit link information from above output:
  link line regex: [^( *|.*[/\])(ld|([^/\]+-)?ld|collect2)[^/\]*( |$)]
  ignore line: [Change Dir: /home/andras/rrr-size-vs-density/sdsl-lite/lib/src/sdsl-lite/build/CMakeFiles/CMakeTmp]
  ignore line: []
  ignore line: [Run Build Command:/usr/bin/gmake "cmTryCompileExec1326457424/fast"]
  ignore line: [gmake[1]: Entering directory `/home/andras/rrr-size-vs-density/sdsl-lite/lib/src/sdsl-lite/build/CMakeFiles/CMakeTmp']
  ignore line: [/usr/bin/gmake -f CMakeFiles/cmTryCompileExec1326457424.dir/build.make CMakeFiles/cmTryCompileExec1326457424.dir/build]
  ignore line: [gmake[2]: Entering directory `/home/andras/rrr-size-vs-density/sdsl-lite/lib/src/sdsl-lite/build/CMakeFiles/CMakeTmp']
  ignore line: [/usr/bin/cmake -E cmake_progress_report /home/andras/rrr-size-vs-density/sdsl-lite/lib/src/sdsl-lite/build/CMakeFiles/CMakeTmp/CMakeFiles 1]
  ignore line: [Building C object CMakeFiles/cmTryCompileExec1326457424.dir/CMakeCCompilerABI.c.o]
  ignore line: [/usr/bin/cc    -o CMakeFiles/cmTryCompileExec1326457424.dir/CMakeCCompilerABI.c.o   -c /usr/share/cmake/Modules/CMakeCCompilerABI.c]
  ignore line: [Linking C executable cmTryCompileExec1326457424]
  ignore line: [/usr/bin/cmake -E cmake_link_script CMakeFiles/cmTryCompileExec1326457424.dir/link.txt --verbose=1]
  ignore line: [/usr/bin/cc     -v CMakeFiles/cmTryCompileExec1326457424.dir/CMakeCCompilerABI.c.o  -o cmTryCompileExec1326457424 -rdynamic  ]
  ignore line: [Using built-in specs.]
  ignore line: [COLLECT_GCC=/usr/bin/cc]
  ignore line: [COLLECT_LTO_WRAPPER=/usr/libexec/gcc/x86_64-redhat-linux/4.8.2/lto-wrapper]
  ignore line: [Target: x86_64-redhat-linux]
  ignore line: [Configured with: ../configure --prefix=/usr --mandir=/usr/share/man --infodir=/usr/share/info --with-bugurl=http://bugzilla.redhat.com/bugzilla --enable-bootstrap --enable-shared --enable-threads=posix --enable-checking=release --with-system-zlib --enable-__cxa_atexit --disable-libunwind-exceptions --enable-gnu-unique-object --enable-linker-build-id --with-linker-hash-style=gnu --enable-languages=c,c++,objc,obj-c++,java,fortran,ada,go,lto --enable-plugin --enable-initfini-array --enable-java-awt=gtk --disable-dssi --with-java-home=/usr/lib/jvm/java-1.5.0-gcj-1.5.0.0/jre --enable-libgcj-multifile --enable-java-maintainer-mode --with-ecj-jar=/usr/share/java/eclipse-ecj.jar --disable-libjava-multilib --with-isl=/builddir/build/BUILD/gcc-4.8.2-20131212/obj-x86_64-redhat-linux/isl-install --with-cloog=/builddir/build/BUILD/gcc-4.8.2-20131212/obj-x86_64-redhat-linux/cloog-install --with-tune=generic --with-arch_32=i686 --build=x86_64-redhat-linux]
  ignore line: [Thread model: posix]
  ignore line: [gcc version 4.8.2 20131212 (Red Hat 4.8.2-7) (GCC) ]
  ignore line: [COMPILER_PATH=/usr/libexec/gcc/x86_64-redhat-linux/4.8.2/:/usr/libexec/gcc/x86_64-redhat-linux/4.8.2/:/usr/libexec/gcc/x86_64-redhat-linux/:/usr/lib/gcc/x86_64-redhat-linux/4.8.2/:/usr/lib/gcc/x86_64-redhat-linux/]
  ignore line: [LIBRARY_PATH=/usr/lib/gcc/x86_64-redhat-linux/4.8.2/:/usr/lib/gcc/x86_64-redhat-linux/4.8.2/../../../../lib64/:/lib/../lib64/:/usr/lib/../lib64/:/usr/lib/gcc/x86_64-redhat-linux/4.8.2/../../../:/lib/:/usr/lib/]
  ignore line: [COLLECT_GCC_OPTIONS='-v' '-o' 'cmTryCompileExec1326457424' '-rdynamic' '-mtune=generic' '-march=x86-64']
  link line: [ /usr/libexec/gcc/x86_64-redhat-linux/4.8.2/collect2 --build-id --no-add-needed --eh-frame-hdr --hash-style=gnu -m elf_x86_64 -export-dynamic -dynamic-linker /lib64/ld-linux-x86-64.so.2 -o cmTryCompileExec1326457424 /usr/lib/gcc/x86_64-redhat-linux/4.8.2/../../../../lib64/crt1.o /usr/lib/gcc/x86_64-redhat-linux/4.8.2/../../../../lib64/crti.o /usr/lib/gcc/x86_64-redhat-linux/4.8.2/crtbegin.o -L/usr/lib/gcc/x86_64-redhat-linux/4.8.2 -L/usr/lib/gcc/x86_64-redhat-linux/4.8.2/../../../../lib64 -L/lib/../lib64 -L/usr/lib/../lib64 -L/usr/lib/gcc/x86_64-redhat-linux/4.8.2/../../.. CMakeFiles/cmTryCompileExec1326457424.dir/CMakeCCompilerABI.c.o -lgcc --as-needed -lgcc_s --no-as-needed -lc -lgcc --as-needed -lgcc_s --no-as-needed /usr/lib/gcc/x86_64-redhat-linux/4.8.2/crtend.o /usr/lib/gcc/x86_64-redhat-linux/4.8.2/../../../../lib64/crtn.o]
    arg [/usr/libexec/gcc/x86_64-redhat-linux/4.8.2/collect2] ==> ignore
    arg [--build-id] ==> ignore
    arg [--no-add-needed] ==> ignore
    arg [--eh-frame-hdr] ==> ignore
    arg [--hash-style=gnu] ==> ignore
    arg [-m] ==> ignore
    arg [elf_x86_64] ==> ignore
    arg [-export-dynamic] ==> ignore
    arg [-dynamic-linker] ==> ignore
    arg [/lib64/ld-linux-x86-64.so.2] ==> ignore
    arg [-o] ==> ignore
    arg [cmTryCompileExec1326457424] ==> ignore
    arg [/usr/lib/gcc/x86_64-redhat-linux/4.8.2/../../../../lib64/crt1.o] ==> ignore
    arg [/usr/lib/gcc/x86_64-redhat-linux/4.8.2/../../../../lib64/crti.o] ==> ignore
    arg [/usr/lib/gcc/x86_64-redhat-linux/4.8.2/crtbegin.o] ==> ignore
    arg [-L/usr/lib/gcc/x86_64-redhat-linux/4.8.2] ==> dir [/usr/lib/gcc/x86_64-redhat-linux/4.8.2]
    arg [-L/usr/lib/gcc/x86_64-redhat-linux/4.8.2/../../../../lib64] ==> dir [/usr/lib/gcc/x86_64-redhat-linux/4.8.2/../../../../lib64]
    arg [-L/lib/../lib64] ==> dir [/lib/../lib64]
    arg [-L/usr/lib/../lib64] ==> dir [/usr/lib/../lib64]
    arg [-L/usr/lib/gcc/x86_64-redhat-linux/4.8.2/../../..] ==> dir [/usr/lib/gcc/x86_64-redhat-linux/4.8.2/../../..]
    arg [CMakeFiles/cmTryCompileExec1326457424.dir/CMakeCCompilerABI.c.o] ==> ignore
    arg [-lgcc] ==> lib [gcc]
    arg [--as-needed] ==> ignore
    arg [-lgcc_s] ==> lib [gcc_s]
    arg [--no-as-needed] ==> ignore
    arg [-lc] ==> lib [c]
    arg [-lgcc] ==> lib [gcc]
    arg [--as-needed] ==> ignore
    arg [-lgcc_s] ==> lib [gcc_s]
    arg [--no-as-needed] ==> ignore
    arg [/usr/lib/gcc/x86_64-redhat-linux/4.8.2/crtend.o] ==> ignore
    arg [/usr/lib/gcc/x86_64-redhat-linux/4.8.2/../../../../lib64/crtn.o] ==> ignore
  remove lib [gcc]
  remove lib [gcc_s]
  remove lib [gcc]
  remove lib [gcc_s]
  collapse library dir [/usr/lib/gcc/x86_64-redhat-linux/4.8.2] ==> [/usr/lib/gcc/x86_64-redhat-linux/4.8.2]
  collapse library dir [/usr/lib/gcc/x86_64-redhat-linux/4.8.2/../../../../lib64] ==> [/usr/lib64]
  collapse library dir [/lib/../lib64] ==> [/lib64]
  collapse library dir [/usr/lib/../lib64] ==> [/usr/lib64]
  collapse library dir [/usr/lib/gcc/x86_64-redhat-linux/4.8.2/../../..] ==> [/usr/lib]
  implicit libs: [c]
  implicit dirs: [/usr/lib/gcc/x86_64-redhat-linux/4.8.2;/usr/lib64;/lib64;/usr/lib]
  implicit fwks: []


Performing C++ SOURCE FILE Test HAVE_GCC_STD=C__11__WALL__WEXTRA___DNDEBUG succeded with the following output:
Change Dir: /home/andras/rrr-size-vs-density/sdsl-lite/lib/src/sdsl-lite/build/CMakeFiles/CMakeTmp

Run Build Command:/usr/bin/gmake "cmTryCompileExec2541022346/fast"
gmake[1]: Entering directory `/home/andras/rrr-size-vs-density/sdsl-lite/lib/src/sdsl-lite/build/CMakeFiles/CMakeTmp'
/usr/bin/gmake -f CMakeFiles/cmTryCompileExec2541022346.dir/build.make CMakeFiles/cmTryCompileExec2541022346.dir/build
gmake[2]: Entering directory `/home/andras/rrr-size-vs-density/sdsl-lite/lib/src/sdsl-lite/build/CMakeFiles/CMakeTmp'
/usr/bin/cmake -E cmake_progress_report /home/andras/rrr-size-vs-density/sdsl-lite/lib/src/sdsl-lite/build/CMakeFiles/CMakeTmp/CMakeFiles 1
Building CXX object CMakeFiles/cmTryCompileExec2541022346.dir/src.cxx.o
/usr/bin/c++    -DHAVE_GCC_STD=C__11__WALL__WEXTRA___DNDEBUG -std=c++11 -Wall -Wextra  -DNDEBUG   -o CMakeFiles/cmTryCompileExec2541022346.dir/src.cxx.o -c /home/andras/rrr-size-vs-density/sdsl-lite/lib/src/sdsl-lite/build/CMakeFiles/CMakeTmp/src.cxx
Linking CXX executable cmTryCompileExec2541022346
/usr/bin/cmake -E cmake_link_script CMakeFiles/cmTryCompileExec2541022346.dir/link.txt --verbose=1
/usr/bin/c++    -DHAVE_GCC_STD=C__11__WALL__WEXTRA___DNDEBUG -std=c++11 -Wall -Wextra  -DNDEBUG    CMakeFiles/cmTryCompileExec2541022346.dir/src.cxx.o  -o cmTryCompileExec2541022346 -rdynamic 
gmake[2]: Leaving directory `/home/andras/rrr-size-vs-density/sdsl-lite/lib/src/sdsl-lite/build/CMakeFiles/CMakeTmp'
gmake[1]: Leaving directory `/home/andras/rrr-size-vs-density/sdsl-lite/lib/src/sdsl-lite/build/CMakeFiles/CMakeTmp'

Source file was:
int main() { return 0; }
Performing C++ SOURCE FILE Test HAVE_GCC_O3__FFAST_MATH__FUNROLL_LOOPS succeded with the following output:
Change Dir: /home/andras/rrr-size-vs-density/sdsl-lite/lib/src/sdsl-lite/build/CMakeFiles/CMakeTmp

Run Build Command:/usr/bin/gmake "cmTryCompileExec1882834379/fast"
gmake[1]: Entering directory `/home/andras/rrr-size-vs-density/sdsl-lite/lib/src/sdsl-lite/build/CMakeFiles/CMakeTmp'
/usr/bin/gmake -f CMakeFiles/cmTryCompileExec1882834379.dir/build.make CMakeFiles/cmTryCompileExec1882834379.dir/build
gmake[2]: Entering directory `/home/andras/rrr-size-vs-density/sdsl-lite/lib/src/sdsl-lite/build/CMakeFiles/CMakeTmp'
/usr/bin/cmake -E cmake_progress_report /home/andras/rrr-size-vs-density/sdsl-lite/lib/src/sdsl-lite/build/CMakeFiles/CMakeTmp/CMakeFiles 1
Building CXX object CMakeFiles/cmTryCompileExec1882834379.dir/src.cxx.o
/usr/bin/c++    -std=c++11 -Wall -Wextra  -DNDEBUG -DHAVE_GCC_O3__FFAST_MATH__FUNROLL_LOOPS -O3 -ffast-math -funroll-loops   -o CMakeFiles/cmTryCompileExec1882834379.dir/src.cxx.o -c /home/andras/rrr-size-vs-density/sdsl-lite/lib/src/sdsl-lite/build/CMakeFiles/CMakeTmp/src.cxx
Linking CXX executable cmTryCompileExec1882834379
/usr/bin/cmake -E cmake_link_script CMakeFiles/cmTryCompileExec1882834379.dir/link.txt --verbose=1
/usr/bin/c++    -std=c++11 -Wall -Wextra  -DNDEBUG -DHAVE_GCC_O3__FFAST_MATH__FUNROLL_LOOPS -O3 -ffast-math -funroll-loops    CMakeFiles/cmTryCompileExec1882834379.dir/src.cxx.o  -o cmTryCompileExec1882834379 -rdynamic 
gmake[2]: Leaving directory `/home/andras/rrr-size-vs-density/sdsl-lite/lib/src/sdsl-lite/build/CMakeFiles/CMakeTmp'
gmake[1]: Leaving directory `/home/andras/rrr-size-vs-density/sdsl-lite/lib/src/sdsl-lite/build/CMakeFiles/CMakeTmp'

Source file was:
int main() { return 0; }
Performing C SOURCE FILE Test HAVE_GCC_WALL succeded with the following output:
Change Dir: /home/andras/rrr-size-vs-density/sdsl-lite/lib/src/sdsl-lite/build/CMakeFiles/CMakeTmp

Run Build Command:/usr/bin/gmake "cmTryCompileExec2698956285/fast"
gmake[1]: Entering directory `/home/andras/rrr-size-vs-density/sdsl-lite/lib/src/sdsl-lite/build/CMakeFiles/CMakeTmp'
/usr/bin/gmake -f CMakeFiles/cmTryCompileExec2698956285.dir/build.make CMakeFiles/cmTryCompileExec2698956285.dir/build
gmake[2]: Entering directory `/home/andras/rrr-size-vs-density/sdsl-lite/lib/src/sdsl-lite/build/CMakeFiles/CMakeTmp'
/usr/bin/cmake -E cmake_progress_report /home/andras/rrr-size-vs-density/sdsl-lite/lib/src/sdsl-lite/build/CMakeFiles/CMakeTmp/CMakeFiles 1
Building C object CMakeFiles/cmTryCompileExec2698956285.dir/src.c.o
/usr/bin/cc   -DHAVE_GCC_WALL -Wall   -o CMakeFiles/cmTryCompileExec2698956285.dir/src.c.o   -c /home/andras/rrr-size-vs-density/sdsl-lite/lib/src/sdsl-lite/build/CMakeFiles/CMakeTmp/src.c
Linking C executable cmTryCompileExec2698956285
/usr/bin/cmake -E cmake_link_script CMakeFiles/cmTryCompileExec2698956285.dir/link.txt --verbose=1
/usr/bin/cc   -DHAVE_GCC_WALL -Wall    CMakeFiles/cmTryCompileExec2698956285.dir/src.c.o  -o cmTryCompileExec2698956285 -rdynamic 
gmake[2]: Leaving directory `/home/andras/rrr-size-vs-density/sdsl-lite/lib/src/sdsl-lite/build/CMakeFiles/CMakeTmp'
gmake[1]: Leaving directory `/home/andras/rrr-size-vs-density/sdsl-lite/lib/src/sdsl-lite/build/CMakeFiles/CMakeTmp'

Source file was:
int main() { return 0; }
Performing C SOURCE FILE Test HAVE_GCC_FOMIT_FRAME_POINTER succeded with the following output:
Change Dir: /home/andras/rrr-size-vs-density/sdsl-lite/lib/src/sdsl-lite/build/CMakeFiles/CMakeTmp

Run Build Command:/usr/bin/gmake "cmTryCompileExec1499629531/fast"
gmake[1]: Entering directory `/home/andras/rrr-size-vs-density/sdsl-lite/lib/src/sdsl-lite/build/CMakeFiles/CMakeTmp'
/usr/bin/gmake -f CMakeFiles/cmTryCompileExec1499629531.dir/build.make CMakeFiles/cmTryCompileExec1499629531.dir/build
gmake[2]: Entering directory `/home/andras/rrr-size-vs-density/sdsl-lite/lib/src/sdsl-lite/build/CMakeFiles/CMakeTmp'
/usr/bin/cmake -E cmake_progress_report /home/andras/rrr-size-vs-density/sdsl-lite/lib/src/sdsl-lite/build/CMakeFiles/CMakeTmp/CMakeFiles 1
Building C object CMakeFiles/cmTryCompileExec1499629531.dir/src.c.o
/usr/bin/cc   -Wall -DHAVE_GCC_FOMIT_FRAME_POINTER -fomit-frame-pointer   -o CMakeFiles/cmTryCompileExec1499629531.dir/src.c.o   -c /home/andras/rrr-size-vs-density/sdsl-lite/lib/src/sdsl-lite/build/CMakeFiles/CMakeTmp/src.c
Linking C executable cmTryCompileExec1499629531
/usr/bin/cmake -E cmake_link_script CMakeFiles/cmTryCompileExec1499629531.dir/link.txt --verbose=1
/usr/bin/cc   -Wall -DHAVE_GCC_FOMIT_FRAME_POINTER -fomit-frame-pointer    CMakeFiles/cmTryCompileExec1499629531.dir/src.c.o  -o cmTryCompileExec1499629531 -rdynamic 
gmake[2]: Leaving directory `/home/andras/rrr-size-vs-density/sdsl-lite/lib/src/sdsl-lite/build/CMakeFiles/CMakeTmp'
gmake[1]: Leaving directory `/home/andras/rrr-size-vs-density/sdsl-lite/lib/src/sdsl-lite/build/CMakeFiles/CMakeTmp'

Source file was:
int main() { return 0; }
Determining if the include file inttypes.h exists passed with the following output:
Change Dir: /home/andras/rrr-size-vs-density/sdsl-lite/lib/src/sdsl-lite/build/CMakeFiles/CMakeTmp

Run Build Command:/usr/bin/gmake "cmTryCompileExec1799900484/fast"
gmake[1]: Entering directory `/home/andras/rrr-size-vs-density/sdsl-lite/lib/src/sdsl-lite/build/CMakeFiles/CMakeTmp'
/usr/bin/gmake -f CMakeFiles/cmTryCompileExec1799900484.dir/build.make CMakeFiles/cmTryCompileExec1799900484.dir/build
gmake[2]: Entering directory `/home/andras/rrr-size-vs-density/sdsl-lite/lib/src/sdsl-lite/build/CMakeFiles/CMakeTmp'
/usr/bin/cmake -E cmake_progress_report /home/andras/rrr-size-vs-density/sdsl-lite/lib/src/sdsl-lite/build/CMakeFiles/CMakeTmp/CMakeFiles 1
Building C object CMakeFiles/cmTryCompileExec1799900484.dir/CheckIncludeFile.c.o
/usr/bin/cc   -Wall    -o CMakeFiles/cmTryCompileExec1799900484.dir/CheckIncludeFile.c.o   -c /home/andras/rrr-size-vs-density/sdsl-lite/lib/src/sdsl-lite/build/CMakeFiles/CMakeTmp/CheckIncludeFile.c
Linking C executable cmTryCompileExec1799900484
/usr/bin/cmake -E cmake_link_script CMakeFiles/cmTryCompileExec1799900484.dir/link.txt --verbose=1
/usr/bin/cc   -Wall     CMakeFiles/cmTryCompileExec1799900484.dir/CheckIncludeFile.c.o  -o cmTryCompileExec1799900484 -rdynamic 
gmake[2]: Leaving directory `/home/andras/rrr-size-vs-density/sdsl-lite/lib/src/sdsl-lite/build/CMakeFiles/CMakeTmp'
gmake[1]: Leaving directory `/home/andras/rrr-size-vs-density/sdsl-lite/lib/src/sdsl-lite/build/CMakeFiles/CMakeTmp'


Determining if the include file memory.h exists passed with the following output:
Change Dir: /home/andras/rrr-size-vs-density/sdsl-lite/lib/src/sdsl-lite/build/CMakeFiles/CMakeTmp

Run Build Command:/usr/bin/gmake "cmTryCompileExec995892829/fast"
gmake[1]: Entering directory `/home/andras/rrr-size-vs-density/sdsl-lite/lib/src/sdsl-lite/build/CMakeFiles/CMakeTmp'
/usr/bin/gmake -f CMakeFiles/cmTryCompileExec995892829.dir/build.make CMakeFiles/cmTryCompileExec995892829.dir/build
gmake[2]: Entering directory `/home/andras/rrr-size-vs-density/sdsl-lite/lib/src/sdsl-lite/build/CMakeFiles/CMakeTmp'
/usr/bin/cmake -E cmake_progress_report /home/andras/rrr-size-vs-density/sdsl-lite/lib/src/sdsl-lite/build/CMakeFiles/CMakeTmp/CMakeFiles 1
Building C object CMakeFiles/cmTryCompileExec995892829.dir/CheckIncludeFile.c.o
/usr/bin/cc   -Wall    -o CMakeFiles/cmTryCompileExec995892829.dir/CheckIncludeFile.c.o   -c /home/andras/rrr-size-vs-density/sdsl-lite/lib/src/sdsl-lite/build/CMakeFiles/CMakeTmp/CheckIncludeFile.c
Linking C executable cmTryCompileExec995892829
/usr/bin/cmake -E cmake_link_script CMakeFiles/cmTryCompileExec995892829.dir/link.txt --verbose=1
/usr/bin/cc   -Wall     CMakeFiles/cmTryCompileExec995892829.dir/CheckIncludeFile.c.o  -o cmTryCompileExec995892829 -rdynamic 
gmake[2]: Leaving directory `/home/andras/rrr-size-vs-density/sdsl-lite/lib/src/sdsl-lite/build/CMakeFiles/CMakeTmp'
gmake[1]: Leaving directory `/home/andras/rrr-size-vs-density/sdsl-lite/lib/src/sdsl-lite/build/CMakeFiles/CMakeTmp'


Determining if the include file stddef.h exists passed with the following output:
Change Dir: /home/andras/rrr-size-vs-density/sdsl-lite/lib/src/sdsl-lite/build/CMakeFiles/CMakeTmp

Run Build Command:/usr/bin/gmake "cmTryCompileExec444345328/fast"
gmake[1]: Entering directory `/home/andras/rrr-size-vs-density/sdsl-lite/lib/src/sdsl-lite/build/CMakeFiles/CMakeTmp'
/usr/bin/gmake -f CMakeFiles/cmTryCompileExec444345328.dir/build.make CMakeFiles/cmTryCompileExec444345328.dir/build
gmake[2]: Entering directory `/home/andras/rrr-size-vs-density/sdsl-lite/lib/src/sdsl-lite/build/CMakeFiles/CMakeTmp'
/usr/bin/cmake -E cmake_progress_report /home/andras/rrr-size-vs-density/sdsl-lite/lib/src/sdsl-lite/build/CMakeFiles/CMakeTmp/CMakeFiles 1
Building C object CMakeFiles/cmTryCompileExec444345328.dir/CheckIncludeFile.c.o
/usr/bin/cc   -Wall    -o CMakeFiles/cmTryCompileExec444345328.dir/CheckIncludeFile.c.o   -c /home/andras/rrr-size-vs-density/sdsl-lite/lib/src/sdsl-lite/build/CMakeFiles/CMakeTmp/CheckIncludeFile.c
Linking C executable cmTryCompileExec444345328
/usr/bin/cmake -E cmake_link_script CMakeFiles/cmTryCompileExec444345328.dir/link.txt --verbose=1
/usr/bin/cc   -Wall     CMakeFiles/cmTryCompileExec444345328.dir/CheckIncludeFile.c.o  -o cmTryCompileExec444345328 -rdynamic 
gmake[2]: Leaving directory `/home/andras/rrr-size-vs-density/sdsl-lite/lib/src/sdsl-lite/build/CMakeFiles/CMakeTmp'
gmake[1]: Leaving directory `/home/andras/rrr-size-vs-density/sdsl-lite/lib/src/sdsl-lite/build/CMakeFiles/CMakeTmp'


Determining if the include file stdint.h exists passed with the following output:
Change Dir: /home/andras/rrr-size-vs-density/sdsl-lite/lib/src/sdsl-lite/build/CMakeFiles/CMakeTmp

Run Build Command:/usr/bin/gmake "cmTryCompileExec3090066234/fast"
gmake[1]: Entering directory `/home/andras/rrr-size-vs-density/sdsl-lite/lib/src/sdsl-lite/build/CMakeFiles/CMakeTmp'
/usr/bin/gmake -f CMakeFiles/cmTryCompileExec3090066234.dir/build.make CMakeFiles/cmTryCompileExec3090066234.dir/build
gmake[2]: Entering directory `/home/andras/rrr-size-vs-density/sdsl-lite/lib/src/sdsl-lite/build/CMakeFiles/CMakeTmp'
/usr/bin/cmake -E cmake_progress_report /home/andras/rrr-size-vs-density/sdsl-lite/lib/src/sdsl-lite/build/CMakeFiles/CMakeTmp/CMakeFiles 1
Building C object CMakeFiles/cmTryCompileExec3090066234.dir/CheckIncludeFile.c.o
/usr/bin/cc   -Wall    -o CMakeFiles/cmTryCompileExec3090066234.dir/CheckIncludeFile.c.o   -c /home/andras/rrr-size-vs-density/sdsl-lite/lib/src/sdsl-lite/build/CMakeFiles/CMakeTmp/CheckIncludeFile.c
Linking C executable cmTryCompileExec3090066234
/usr/bin/cmake -E cmake_link_script CMakeFiles/cmTryCompileExec3090066234.dir/link.txt --verbose=1
/usr/bin/cc   -Wall     CMakeFiles/cmTryCompileExec3090066234.dir/CheckIncludeFile.c.o  -o cmTryCompileExec3090066234 -rdynamic 
gmake[2]: Leaving directory `/home/andras/rrr-size-vs-density/sdsl-lite/lib/src/sdsl-lite/build/CMakeFiles/CMakeTmp'
gmake[1]: Leaving directory `/home/andras/rrr-size-vs-density/sdsl-lite/lib/src/sdsl-lite/build/CMakeFiles/CMakeTmp'


Determining if the include file stdlib.h exists passed with the following output:
Change Dir: /home/andras/rrr-size-vs-density/sdsl-lite/lib/src/sdsl-lite/build/CMakeFiles/CMakeTmp

Run Build Command:/usr/bin/gmake "cmTryCompileExec3307079282/fast"
gmake[1]: Entering directory `/home/andras/rrr-size-vs-density/sdsl-lite/lib/src/sdsl-lite/build/CMakeFiles/CMakeTmp'
/usr/bin/gmake -f CMakeFiles/cmTryCompileExec3307079282.dir/build.make CMakeFiles/cmTryCompileExec3307079282.dir/build
gmake[2]: Entering directory `/home/andras/rrr-size-vs-density/sdsl-lite/lib/src/sdsl-lite/build/CMakeFiles/CMakeTmp'
/usr/bin/cmake -E cmake_progress_report /home/andras/rrr-size-vs-density/sdsl-lite/lib/src/sdsl-lite/build/CMakeFiles/CMakeTmp/CMakeFiles 1
Building C object CMakeFiles/cmTryCompileExec3307079282.dir/CheckIncludeFile.c.o
/usr/bin/cc   -Wall    -o CMakeFiles/cmTryCompileExec3307079282.dir/CheckIncludeFile.c.o   -c /home/andras/rrr-size-vs-density/sdsl-lite/lib/src/sdsl-lite/build/CMakeFiles/CMakeTmp/CheckIncludeFile.c
Linking C executable cmTryCompileExec3307079282
/usr/bin/cmake -E cmake_link_script CMakeFiles/cmTryCompileExec3307079282.dir/link.txt --verbose=1
/usr/bin/cc   -Wall     CMakeFiles/cmTryCompileExec3307079282.dir/CheckIncludeFile.c.o  -o cmTryCompileExec3307079282 -rdynamic 
gmake[2]: Leaving directory `/home/andras/rrr-size-vs-density/sdsl-lite/lib/src/sdsl-lite/build/CMakeFiles/CMakeTmp'
gmake[1]: Leaving directory `/home/andras/rrr-size-vs-density/sdsl-lite/lib/src/sdsl-lite/build/CMakeFiles/CMakeTmp'


Determining if the include file string.h exists passed with the following output:
Change Dir: /home/andras/rrr-size-vs-density/sdsl-lite/lib/src/sdsl-lite/build/CMakeFiles/CMakeTmp

Run Build Command:/usr/bin/gmake "cmTryCompileExec2618692521/fast"
gmake[1]: Entering directory `/home/andras/rrr-size-vs-density/sdsl-lite/lib/src/sdsl-lite/build/CMakeFiles/CMakeTmp'
/usr/bin/gmake -f CMakeFiles/cmTryCompileExec2618692521.dir/build.make CMakeFiles/cmTryCompileExec2618692521.dir/build
gmake[2]: Entering directory `/home/andras/rrr-size-vs-density/sdsl-lite/lib/src/sdsl-lite/build/CMakeFiles/CMakeTmp'
/usr/bin/cmake -E cmake_progress_report /home/andras/rrr-size-vs-density/sdsl-lite/lib/src/sdsl-lite/build/CMakeFiles/CMakeTmp/CMakeFiles 1
Building C object CMakeFiles/cmTryCompileExec2618692521.dir/CheckIncludeFile.c.o
/usr/bin/cc   -Wall    -o CMakeFiles/cmTryCompileExec2618692521.dir/CheckIncludeFile.c.o   -c /home/andras/rrr-size-vs-density/sdsl-lite/lib/src/sdsl-lite/build/CMakeFiles/CMakeTmp/CheckIncludeFile.c
Linking C executable cmTryCompileExec2618692521
/usr/bin/cmake -E cmake_link_script CMakeFiles/cmTryCompileExec2618692521.dir/link.txt --verbose=1
/usr/bin/cc   -Wall     CMakeFiles/cmTryCompileExec2618692521.dir/CheckIncludeFile.c.o  -o cmTryCompileExec2618692521 -rdynamic 
gmake[2]: Leaving directory `/home/andras/rrr-size-vs-density/sdsl-lite/lib/src/sdsl-lite/build/CMakeFiles/CMakeTmp'
gmake[1]: Leaving directory `/home/andras/rrr-size-vs-density/sdsl-lite/lib/src/sdsl-lite/build/CMakeFiles/CMakeTmp'


Determining if the include file strings.h exists passed with the following output:
Change Dir: /home/andras/rrr-size-vs-density/sdsl-lite/lib/src/sdsl-lite/build/CMakeFiles/CMakeTmp

Run Build Command:/usr/bin/gmake "cmTryCompileExec3349133518/fast"
gmake[1]: Entering directory `/home/andras/rrr-size-vs-density/sdsl-lite/lib/src/sdsl-lite/build/CMakeFiles/CMakeTmp'
/usr/bin/gmake -f CMakeFiles/cmTryCompileExec3349133518.dir/build.make CMakeFiles/cmTryCompileExec3349133518.dir/build
gmake[2]: Entering directory `/home/andras/rrr-size-vs-density/sdsl-lite/lib/src/sdsl-lite/build/CMakeFiles/CMakeTmp'
/usr/bin/cmake -E cmake_progress_report /home/andras/rrr-size-vs-density/sdsl-lite/lib/src/sdsl-lite/build/CMakeFiles/CMakeTmp/CMakeFiles 1
Building C object CMakeFiles/cmTryCompileExec3349133518.dir/CheckIncludeFile.c.o
/usr/bin/cc   -Wall    -o CMakeFiles/cmTryCompileExec3349133518.dir/CheckIncludeFile.c.o   -c /home/andras/rrr-size-vs-density/sdsl-lite/lib/src/sdsl-lite/build/CMakeFiles/CMakeTmp/CheckIncludeFile.c
Linking C executable cmTryCompileExec3349133518
/usr/bin/cmake -E cmake_link_script CMakeFiles/cmTryCompileExec3349133518.dir/link.txt --verbose=1
/usr/bin/cc   -Wall     CMakeFiles/cmTryCompileExec3349133518.dir/CheckIncludeFile.c.o  -o cmTryCompileExec3349133518 -rdynamic 
gmake[2]: Leaving directory `/home/andras/rrr-size-vs-density/sdsl-lite/lib/src/sdsl-lite/build/CMakeFiles/CMakeTmp'
gmake[1]: Leaving directory `/home/andras/rrr-size-vs-density/sdsl-lite/lib/src/sdsl-lite/build/CMakeFiles/CMakeTmp'


Determining if the include file sys/types.h exists passed with the following output:
Change Dir: /home/andras/rrr-size-vs-density/sdsl-lite/lib/src/sdsl-lite/build/CMakeFiles/CMakeTmp

Run Build Command:/usr/bin/gmake "cmTryCompileExec2637763937/fast"
gmake[1]: Entering directory `/home/andras/rrr-size-vs-density/sdsl-lite/lib/src/sdsl-lite/build/CMakeFiles/CMakeTmp'
/usr/bin/gmake -f CMakeFiles/cmTryCompileExec2637763937.dir/build.make CMakeFiles/cmTryCompileExec2637763937.dir/build
gmake[2]: Entering directory `/home/andras/rrr-size-vs-density/sdsl-lite/lib/src/sdsl-lite/build/CMakeFiles/CMakeTmp'
/usr/bin/cmake -E cmake_progress_report /home/andras/rrr-size-vs-density/sdsl-lite/lib/src/sdsl-lite/build/CMakeFiles/CMakeTmp/CMakeFiles 1
Building C object CMakeFiles/cmTryCompileExec2637763937.dir/CheckIncludeFile.c.o
/usr/bin/cc   -Wall    -o CMakeFiles/cmTryCompileExec2637763937.dir/CheckIncludeFile.c.o   -c /home/andras/rrr-size-vs-density/sdsl-lite/lib/src/sdsl-lite/build/CMakeFiles/CMakeTmp/CheckIncludeFile.c
Linking C executable cmTryCompileExec2637763937
/usr/bin/cmake -E cmake_link_script CMakeFiles/cmTryCompileExec2637763937.dir/link.txt --verbose=1
/usr/bin/cc   -Wall     CMakeFiles/cmTryCompileExec2637763937.dir/CheckIncludeFile.c.o  -o cmTryCompileExec2637763937 -rdynamic 
gmake[2]: Leaving directory `/home/andras/rrr-size-vs-density/sdsl-lite/lib/src/sdsl-lite/build/CMakeFiles/CMakeTmp'
gmake[1]: Leaving directory `/home/andras/rrr-size-vs-density/sdsl-lite/lib/src/sdsl-lite/build/CMakeFiles/CMakeTmp'


Performing C SOURCE FILE Test HAVE_INLINE succeded with the following output:
Change Dir: /home/andras/rrr-size-vs-density/sdsl-lite/lib/src/sdsl-lite/build/CMakeFiles/CMakeTmp

Run Build Command:/usr/bin/gmake "cmTryCompileExec3074251170/fast"
gmake[1]: Entering directory `/home/andras/rrr-size-vs-density/sdsl-lite/lib/src/sdsl-lite/build/CMakeFiles/CMakeTmp'
/usr/bin/gmake -f CMakeFiles/cmTryCompileExec3074251170.dir/build.make CMakeFiles/cmTryCompileExec3074251170.dir/build
gmake[2]: Entering directory `/home/andras/rrr-size-vs-density/sdsl-lite/lib/src/sdsl-lite/build/CMakeFiles/CMakeTmp'
/usr/bin/cmake -E cmake_progress_report /home/andras/rrr-size-vs-density/sdsl-lite/lib/src/sdsl-lite/build/CMakeFiles/CMakeTmp/CMakeFiles 1
Building C object CMakeFiles/cmTryCompileExec3074251170.dir/src.c.o
/usr/bin/cc   -Wall -DHAVE_INLINE   -o CMakeFiles/cmTryCompileExec3074251170.dir/src.c.o   -c /home/andras/rrr-size-vs-density/sdsl-lite/lib/src/sdsl-lite/build/CMakeFiles/CMakeTmp/src.c
Linking C executable cmTryCompileExec3074251170
/usr/bin/cmake -E cmake_link_script CMakeFiles/cmTryCompileExec3074251170.dir/link.txt --verbose=1
/usr/bin/cc   -Wall -DHAVE_INLINE    CMakeFiles/cmTryCompileExec3074251170.dir/src.c.o  -o cmTryCompileExec3074251170 -rdynamic 
gmake[2]: Leaving directory `/home/andras/rrr-size-vs-density/sdsl-lite/lib/src/sdsl-lite/build/CMakeFiles/CMakeTmp'
gmake[1]: Leaving directory `/home/andras/rrr-size-vs-density/sdsl-lite/lib/src/sdsl-lite/build/CMakeFiles/CMakeTmp'

Source file was:
inline void func(); void func() { } int main() { func(); return 0; }
Performing C SOURCE FILE Test HAVE___INLINE succeded with the following output:
Change Dir: /home/andras/rrr-size-vs-density/sdsl-lite/lib/src/sdsl-lite/build/CMakeFiles/CMakeTmp

Run Build Command:/usr/bin/gmake "cmTryCompileExec577903962/fast"
gmake[1]: Entering directory `/home/andras/rrr-size-vs-density/sdsl-lite/lib/src/sdsl-lite/build/CMakeFiles/CMakeTmp'
/usr/bin/gmake -f CMakeFiles/cmTryCompileExec577903962.dir/build.make CMakeFiles/cmTryCompileExec577903962.dir/build
gmake[2]: Entering directory `/home/andras/rrr-size-vs-density/sdsl-lite/lib/src/sdsl-lite/build/CMakeFiles/CMakeTmp'
/usr/bin/cmake -E cmake_progress_report /home/andras/rrr-size-vs-density/sdsl-lite/lib/src/sdsl-lite/build/CMakeFiles/CMakeTmp/CMakeFiles 1
Building C object CMakeFiles/cmTryCompileExec577903962.dir/src.c.o
/usr/bin/cc   -Wall -DHAVE___INLINE   -o CMakeFiles/cmTryCompileExec577903962.dir/src.c.o   -c /home/andras/rrr-size-vs-density/sdsl-lite/lib/src/sdsl-lite/build/CMakeFiles/CMakeTmp/src.c
Linking C executable cmTryCompileExec577903962
/usr/bin/cmake -E cmake_link_script CMakeFiles/cmTryCompileExec577903962.dir/link.txt --verbose=1
/usr/bin/cc   -Wall -DHAVE___INLINE    CMakeFiles/cmTryCompileExec577903962.dir/src.c.o  -o cmTryCompileExec577903962 -rdynamic 
gmake[2]: Leaving directory `/home/andras/rrr-size-vs-density/sdsl-lite/lib/src/sdsl-lite/build/CMakeFiles/CMakeTmp'
gmake[1]: Leaving directory `/home/andras/rrr-size-vs-density/sdsl-lite/lib/src/sdsl-lite/build/CMakeFiles/CMakeTmp'

Source file was:
__inline void func(); void func() { } int main() { func(); return 0; }
Performing C SOURCE FILE Test HAVE___INLINE__ succeded with the following output:
Change Dir: /home/andras/rrr-size-vs-density/sdsl-lite/lib/src/sdsl-lite/build/CMakeFiles/CMakeTmp

Run Build Command:/usr/bin/gmake "cmTryCompileExec2605225157/fast"
gmake[1]: Entering directory `/home/andras/rrr-size-vs-density/sdsl-lite/lib/src/sdsl-lite/build/CMakeFiles/CMakeTmp'
/usr/bin/gmake -f CMakeFiles/cmTryCompileExec2605225157.dir/build.make CMakeFiles/cmTryCompileExec2605225157.dir/build
gmake[2]: Entering directory `/home/andras/rrr-size-vs-density/sdsl-lite/lib/src/sdsl-lite/build/CMakeFiles/CMakeTmp'
/usr/bin/cmake -E cmake_progress_report /home/andras/rrr-size-vs-density/sdsl-lite/lib/src/sdsl-lite/build/CMakeFiles/CMakeTmp/CMakeFiles 1
Building C object CMakeFiles/cmTryCompileExec2605225157.dir/src.c.o
/usr/bin/cc   -Wall -DHAVE___INLINE__   -o CMakeFiles/cmTryCompileExec2605225157.dir/src.c.o   -c /home/andras/rrr-size-vs-density/sdsl-lite/lib/src/sdsl-lite/build/CMakeFiles/CMakeTmp/src.c
Linking C executable cmTryCompileExec2605225157
/usr/bin/cmake -E cmake_link_script CMakeFiles/cmTryCompileExec2605225157.dir/link.txt --verbose=1
/usr/bin/cc   -Wall -DHAVE___INLINE__    CMakeFiles/cmTryCompileExec2605225157.dir/src.c.o  -o cmTryCompileExec2605225157 -rdynamic 
gmake[2]: Leaving directory `/home/andras/rrr-size-vs-density/sdsl-lite/lib/src/sdsl-lite/build/CMakeFiles/CMakeTmp'
gmake[1]: Leaving directory `/home/andras/rrr-size-vs-density/sdsl-lite/lib/src/sdsl-lite/build/CMakeFiles/CMakeTmp'

Source file was:
__inline__ void func(); void func() { } int main() { func(); return 0; }
Determining size of uint8_t passed with the following output:
Change Dir: /home/andras/rrr-size-vs-density/sdsl-lite/lib/src/sdsl-lite/build/CMakeFiles/CMakeTmp

Run Build Command:/usr/bin/gmake "cmTryCompileExec911666471/fast"
gmake[1]: Entering directory `/home/andras/rrr-size-vs-density/sdsl-lite/lib/src/sdsl-lite/build/CMakeFiles/CMakeTmp'
/usr/bin/gmake -f CMakeFiles/cmTryCompileExec911666471.dir/build.make CMakeFiles/cmTryCompileExec911666471.dir/build
gmake[2]: Entering directory `/home/andras/rrr-size-vs-density/sdsl-lite/lib/src/sdsl-lite/build/CMakeFiles/CMakeTmp'
/usr/bin/cmake -E cmake_progress_report /home/andras/rrr-size-vs-density/sdsl-lite/lib/src/sdsl-lite/build/CMakeFiles/CMakeTmp/CMakeFiles 1
Building C object CMakeFiles/cmTryCompileExec911666471.dir/UINT8_T.c.o
/usr/bin/cc   -Wall    -o CMakeFiles/cmTryCompileExec911666471.dir/UINT8_T.c.o   -c /home/andras/rrr-size-vs-density/sdsl-lite/lib/src/sdsl-lite/build/CMakeFiles/CheckTypeSize/UINT8_T.c
Linking C executable cmTryCompileExec911666471
/usr/bin/cmake -E cmake_link_script CMakeFiles/cmTryCompileExec911666471.dir/link.txt --verbose=1
/usr/bin/cc   -Wall     CMakeFiles/cmTryCompileExec911666471.dir/UINT8_T.c.o  -o cmTryCompileExec911666471 -rdynamic 
gmake[2]: Leaving directory `/home/andras/rrr-size-vs-density/sdsl-lite/lib/src/sdsl-lite/build/CMakeFiles/CMakeTmp'
gmake[1]: Leaving directory `/home/andras/rrr-size-vs-density/sdsl-lite/lib/src/sdsl-lite/build/CMakeFiles/CMakeTmp'


Determining size of int32_t passed with the following output:
Change Dir: /home/andras/rrr-size-vs-density/sdsl-lite/lib/src/sdsl-lite/build/CMakeFiles/CMakeTmp

Run Build Command:/usr/bin/gmake "cmTryCompileExec4236664063/fast"
gmake[1]: Entering directory `/home/andras/rrr-size-vs-density/sdsl-lite/lib/src/sdsl-lite/build/CMakeFiles/CMakeTmp'
/usr/bin/gmake -f CMakeFiles/cmTryCompileExec4236664063.dir/build.make CMakeFiles/cmTryCompileExec4236664063.dir/build
gmake[2]: Entering directory `/home/andras/rrr-size-vs-density/sdsl-lite/lib/src/sdsl-lite/build/CMakeFiles/CMakeTmp'
/usr/bin/cmake -E cmake_progress_report /home/andras/rrr-size-vs-density/sdsl-lite/lib/src/sdsl-lite/build/CMakeFiles/CMakeTmp/CMakeFiles 1
Building C object CMakeFiles/cmTryCompileExec4236664063.dir/INT32_T.c.o
/usr/bin/cc   -Wall    -o CMakeFiles/cmTryCompileExec4236664063.dir/INT32_T.c.o   -c /home/andras/rrr-size-vs-density/sdsl-lite/lib/src/sdsl-lite/build/CMakeFiles/CheckTypeSize/INT32_T.c
Linking C executable cmTryCompileExec4236664063
/usr/bin/cmake -E cmake_link_script CMakeFiles/cmTryCompileExec4236664063.dir/link.txt --verbose=1
/usr/bin/cc   -Wall     CMakeFiles/cmTryCompileExec4236664063.dir/INT32_T.c.o  -o cmTryCompileExec4236664063 -rdynamic 
gmake[2]: Leaving directory `/home/andras/rrr-size-vs-density/sdsl-lite/lib/src/sdsl-lite/build/CMakeFiles/CMakeTmp'
gmake[1]: Leaving directory `/home/andras/rrr-size-vs-density/sdsl-lite/lib/src/sdsl-lite/build/CMakeFiles/CMakeTmp'


Determining if the PRId32 exist passed with the following output:
Change Dir: /home/andras/rrr-size-vs-density/sdsl-lite/lib/src/sdsl-lite/build/CMakeFiles/CMakeTmp

Run Build Command:/usr/bin/gmake "cmTryCompileExec3919492546/fast"
gmake[1]: Entering directory `/home/andras/rrr-size-vs-density/sdsl-lite/lib/src/sdsl-lite/build/CMakeFiles/CMakeTmp'
/usr/bin/gmake -f CMakeFiles/cmTryCompileExec3919492546.dir/build.make CMakeFiles/cmTryCompileExec3919492546.dir/build
gmake[2]: Entering directory `/home/andras/rrr-size-vs-density/sdsl-lite/lib/src/sdsl-lite/build/CMakeFiles/CMakeTmp'
/usr/bin/cmake -E cmake_progress_report /home/andras/rrr-size-vs-density/sdsl-lite/lib/src/sdsl-lite/build/CMakeFiles/CMakeTmp/CMakeFiles 1
Building C object CMakeFiles/cmTryCompileExec3919492546.dir/CheckSymbolExists.c.o
/usr/bin/cc   -Wall    -o CMakeFiles/cmTryCompileExec3919492546.dir/CheckSymbolExists.c.o   -c /home/andras/rrr-size-vs-density/sdsl-lite/lib/src/sdsl-lite/build/CMakeFiles/CMakeTmp/CheckSymbolExists.c
Linking C executable cmTryCompileExec3919492546
/usr/bin/cmake -E cmake_link_script CMakeFiles/cmTryCompileExec3919492546.dir/link.txt --verbose=1
/usr/bin/cc   -Wall     CMakeFiles/cmTryCompileExec3919492546.dir/CheckSymbolExists.c.o  -o cmTryCompileExec3919492546 -rdynamic 
gmake[2]: Leaving directory `/home/andras/rrr-size-vs-density/sdsl-lite/lib/src/sdsl-lite/build/CMakeFiles/CMakeTmp'
gmake[1]: Leaving directory `/home/andras/rrr-size-vs-density/sdsl-lite/lib/src/sdsl-lite/build/CMakeFiles/CMakeTmp'

File /home/andras/rrr-size-vs-density/sdsl-lite/lib/src/sdsl-lite/build/CMakeFiles/CMakeTmp/CheckSymbolExists.c:
/* */
#include <inttypes.h>

int main(int argc, char** argv)
{
  (void)argv;
#ifndef PRId32
  return ((int*)(&PRId32))[argc];
#else
  (void)argc;
  return 0;
#endif
}

Determining size of int64_t passed with the following output:
Change Dir: /home/andras/rrr-size-vs-density/sdsl-lite/lib/src/sdsl-lite/build/CMakeFiles/CMakeTmp

Run Build Command:/usr/bin/gmake "cmTryCompileExec1897801181/fast"
gmake[1]: Entering directory `/home/andras/rrr-size-vs-density/sdsl-lite/lib/src/sdsl-lite/build/CMakeFiles/CMakeTmp'
/usr/bin/gmake -f CMakeFiles/cmTryCompileExec1897801181.dir/build.make CMakeFiles/cmTryCompileExec1897801181.dir/build
gmake[2]: Entering directory `/home/andras/rrr-size-vs-density/sdsl-lite/lib/src/sdsl-lite/build/CMakeFiles/CMakeTmp'
/usr/bin/cmake -E cmake_progress_report /home/andras/rrr-size-vs-density/sdsl-lite/lib/src/sdsl-lite/build/CMakeFiles/CMakeTmp/CMakeFiles 1
Building C object CMakeFiles/cmTryCompileExec1897801181.dir/INT64_T.c.o
/usr/bin/cc   -Wall    -o CMakeFiles/cmTryCompileExec1897801181.dir/INT64_T.c.o   -c /home/andras/rrr-size-vs-density/sdsl-lite/lib/src/sdsl-lite/build/CMakeFiles/CheckTypeSize/INT64_T.c
Linking C executable cmTryCompileExec1897801181
/usr/bin/cmake -E cmake_link_script CMakeFiles/cmTryCompileExec1897801181.dir/link.txt --verbose=1
/usr/bin/cc   -Wall     CMakeFiles/cmTryCompileExec1897801181.dir/INT64_T.c.o  -o cmTryCompileExec1897801181 -rdynamic 
gmake[2]: Leaving directory `/home/andras/rrr-size-vs-density/sdsl-lite/lib/src/sdsl-lite/build/CMakeFiles/CMakeTmp'
gmake[1]: Leaving directory `/home/andras/rrr-size-vs-density/sdsl-lite/lib/src/sdsl-lite/build/CMakeFiles/CMakeTmp'


Determining if the PRId64 exist passed with the following output:
Change Dir: /home/andras/rrr-size-vs-density/sdsl-lite/lib/src/sdsl-lite/build/CMakeFiles/CMakeTmp

Run Build Command:/usr/bin/gmake "cmTryCompileExec1078968316/fast"
gmake[1]: Entering directory `/home/andras/rrr-size-vs-density/sdsl-lite/lib/src/sdsl-lite/build/CMakeFiles/CMakeTmp'
/usr/bin/gmake -f CMakeFiles/cmTryCompileExec1078968316.dir/build.make CMakeFiles/cmTryCompileExec1078968316.dir/build
gmake[2]: Entering directory `/home/andras/rrr-size-vs-density/sdsl-lite/lib/src/sdsl-lite/build/CMakeFiles/CMakeTmp'
/usr/bin/cmake -E cmake_progress_report /home/andras/rrr-size-vs-density/sdsl-lite/lib/src/sdsl-lite/build/CMakeFiles/CMakeTmp/CMakeFiles 1
Building C object CMakeFiles/cmTryCompileExec1078968316.dir/CheckSymbolExists.c.o
/usr/bin/cc   -Wall    -o CMakeFiles/cmTryCompileExec1078968316.dir/CheckSymbolExists.c.o   -c /home/andras/rrr-size-vs-density/sdsl-lite/lib/src/sdsl-lite/build/CMakeFiles/CMakeTmp/CheckSymbolExists.c
Linking C executable cmTryCompileExec1078968316
/usr/bin/cmake -E cmake_link_script CMakeFiles/cmTryCompileExec1078968316.dir/link.txt --verbose=1
/usr/bin/cc   -Wall     CMakeFiles/cmTryCompileExec1078968316.dir/CheckSymbolExists.c.o  -o cmTryCompileExec1078968316 -rdynamic 
gmake[2]: Leaving directory `/home/andras/rrr-size-vs-density/sdsl-lite/lib/src/sdsl-lite/build/CMakeFiles/CMakeTmp'
gmake[1]: Leaving directory `/home/andras/rrr-size-vs-density/sdsl-lite/lib/src/sdsl-lite/build/CMakeFiles/CMakeTmp'

File /home/andras/rrr-size-vs-density/sdsl-lite/lib/src/sdsl-lite/build/CMakeFiles/CMakeTmp/CheckSymbolExists.c:
/* */
#include <inttypes.h>

int main(int argc, char** argv)
{
  (void)argv;
#ifndef PRId64
  return ((int*)(&PRId64))[argc];
#else
  (void)argc;
  return 0;
#endif
}

Determining if the include file cstdio exists passed with the following output:
Change Dir: /home/andras/rrr-size-vs-density/sdsl-lite/lib/src/sdsl-lite/build/CMakeFiles/CMakeTmp

Run Build Command:/usr/bin/gmake "cmTryCompileExec884654455/fast"
gmake[1]: Entering directory `/home/andras/rrr-size-vs-density/sdsl-lite/lib/src/sdsl-lite/build/CMakeFiles/CMakeTmp'
/usr/bin/gmake -f CMakeFiles/cmTryCompileExec884654455.dir/build.make CMakeFiles/cmTryCompileExec884654455.dir/build
gmake[2]: Entering directory `/home/andras/rrr-size-vs-density/sdsl-lite/lib/src/sdsl-lite/build/CMakeFiles/CMakeTmp'
/usr/bin/cmake -E cmake_progress_report /home/andras/rrr-size-vs-density/sdsl-lite/lib/src/sdsl-lite/build/CMakeFiles/CMakeTmp/CMakeFiles 1
Building CXX object CMakeFiles/cmTryCompileExec884654455.dir/CheckIncludeFile.cxx.o
/usr/bin/c++    -std=c++11 -Wall -Wextra  -DNDEBUG    -o CMakeFiles/cmTryCompileExec884654455.dir/CheckIncludeFile.cxx.o -c /home/andras/rrr-size-vs-density/sdsl-lite/lib/src/sdsl-lite/build/CMakeFiles/CMakeTmp/CheckIncludeFile.cxx
Linking CXX executable cmTryCompileExec884654455
/usr/bin/cmake -E cmake_link_script CMakeFiles/cmTryCompileExec884654455.dir/link.txt --verbose=1
/usr/bin/c++    -std=c++11 -Wall -Wextra  -DNDEBUG     CMakeFiles/cmTryCompileExec884654455.dir/CheckIncludeFile.cxx.o  -o cmTryCompileExec884654455 -rdynamic 
gmake[2]: Leaving directory `/home/andras/rrr-size-vs-density/sdsl-lite/lib/src/sdsl-lite/build/CMakeFiles/CMakeTmp'
gmake[1]: Leaving directory `/home/andras/rrr-size-vs-density/sdsl-lite/lib/src/sdsl-lite/build/CMakeFiles/CMakeTmp'


