This file contains any messages produced by compilers while
running configure, to aid debugging if configure makes a mistake.

It was created by libcds configure 1.0, which was
generated by GNU Autoconf 2.69.  Invocation command line was

  $ ./configure --prefix=/home/andras/rrr-size-vs-density/libcds/lib/build

## --------- ##
## Platform. ##
## --------- ##

hostname = localhost.localdomain
uname -m = x86_64
uname -r = 3.14.8-100.fc19.x86_64
uname -s = Linux
uname -v = #1 SMP Mon Jun 16 21:53:59 UTC 2014

/usr/bin/uname -p = x86_64
/bin/uname -X     = unknown

/bin/arch              = x86_64
/usr/bin/arch -k       = unknown
/usr/convex/getsysinfo = unknown
/usr/bin/hostinfo      = unknown
/bin/machine           = unknown
/usr/bin/oslevel       = unknown
/bin/universe          = unknown

PATH: /usr/lib64/qt-3.3/bin
PATH: /usr/local/bin
PATH: /usr/bin
PATH: /bin
PATH: /usr/local/sbin
PATH: /usr/sbin
PATH: /home/andras/.local/bin
PATH: /home/andras/bin


## ----------- ##
## Core tests. ##
## ----------- ##

configure:2677: checking for a BSD-compatible install
configure:2745: result: /usr/bin/install -c
configure:2756: checking whether build environment is sane
configure:2806: result: yes
configure:2947: checking for a thread-safe mkdir -p
configure:2986: result: /usr/bin/mkdir -p
configure:2999: checking for gawk
configure:3015: found /usr/bin/gawk
configure:3026: result: gawk
configure:3037: checking whether make sets $(MAKE)
configure:3059: result: yes
configure:3150: checking whether make supports nested variables
configure:3167: result: yes
configure:3207: checking build system type
configure:3221: result: x86_64-unknown-linux-gnu
configure:3241: checking host system type
configure:3254: result: x86_64-unknown-linux-gnu
configure:3295: checking how to print strings
configure:3322: result: printf
configure:3355: checking for style of include used by make
configure:3383: result: GNU
configure:3454: checking for gcc
configure:3470: found /usr/bin/gcc
configure:3481: result: gcc
configure:3710: checking for C compiler version
configure:3719: gcc --version >&5
gcc (GCC) 4.8.2 20131212 (Red Hat 4.8.2-7)
Copyright (C) 2013 Free Software Foundation, Inc.
This is free software; see the source for copying conditions.  There is NO
warranty; not even for MERCHANTABILITY or FITNESS FOR A PARTICULAR PURPOSE.

configure:3730: $? = 0
configure:3719: gcc -v >&5
Using built-in specs.
COLLECT_GCC=gcc
COLLECT_LTO_WRAPPER=/usr/libexec/gcc/x86_64-redhat-linux/4.8.2/lto-wrapper
Target: x86_64-redhat-linux
Configured with: ../configure --prefix=/usr --mandir=/usr/share/man --infodir=/usr/share/info --with-bugurl=http://bugzilla.redhat.com/bugzilla --enable-bootstrap --enable-shared --enable-threads=posix --enable-checking=release --with-system-zlib --enable-__cxa_atexit --disable-libunwind-exceptions --enable-gnu-unique-object --enable-linker-build-id --with-linker-hash-style=gnu --enable-languages=c,c++,objc,obj-c++,java,fortran,ada,go,lto --enable-plugin --enable-initfini-array --enable-java-awt=gtk --disable-dssi --with-java-home=/usr/lib/jvm/java-1.5.0-gcj-1.5.0.0/jre --enable-libgcj-multifile --enable-java-maintainer-mode --with-ecj-jar=/usr/share/java/eclipse-ecj.jar --disable-libjava-multilib --with-isl=/builddir/build/BUILD/gcc-4.8.2-20131212/obj-x86_64-redhat-linux/isl-install --with-cloog=/builddir/build/BUILD/gcc-4.8.2-20131212/obj-x86_64-redhat-linux/cloog-install --with-tune=generic --with-arch_32=i686 --build=x86_64-redhat-linux
Thread model: posix
gcc version 4.8.2 20131212 (Red Hat 4.8.2-7) (GCC) 
configure:3730: $? = 0
configure:3719: gcc -V >&5
gcc: error: unrecognized command line option '-V'
gcc: fatal error: no input files
compilation terminated.
configure:3730: $? = 4
configure:3719: gcc -qversion >&5
gcc: error: unrecognized command line option '-qversion'
gcc: fatal error: no input files
compilation terminated.
configure:3730: $? = 4
configure:3750: checking whether the C compiler works
configure:3772: gcc    conftest.c  >&5
configure:3776: $? = 0
configure:3824: result: yes
configure:3827: checking for C compiler default output file name
configure:3829: result: a.out
configure:3835: checking for suffix of executables
configure:3842: gcc -o conftest    conftest.c  >&5
configure:3846: $? = 0
configure:3868: result: 
configure:3890: checking whether we are cross compiling
configure:3898: gcc -o conftest    conftest.c  >&5
configure:3902: $? = 0
configure:3909: ./conftest
configure:3913: $? = 0
configure:3928: result: no
configure:3933: checking for suffix of object files
configure:3955: gcc -c   conftest.c >&5
configure:3959: $? = 0
configure:3980: result: o
configure:3984: checking whether we are using the GNU C compiler
configure:4003: gcc -c   conftest.c >&5
configure:4003: $? = 0
configure:4012: result: yes
configure:4021: checking whether gcc accepts -g
configure:4041: gcc -c -g  conftest.c >&5
configure:4041: $? = 0
configure:4082: result: yes
configure:4099: checking for gcc option to accept ISO C89
configure:4162: gcc  -c -g -O2  conftest.c >&5
configure:4162: $? = 0
configure:4175: result: none needed
configure:4197: checking dependency style of gcc
configure:4308: result: gcc3
configure:4323: checking for a sed that does not truncate output
configure:4387: result: /usr/bin/sed
configure:4405: checking for grep that handles long lines and -e
configure:4463: result: /usr/bin/grep
configure:4468: checking for egrep
configure:4530: result: /usr/bin/grep -E
configure:4535: checking for fgrep
configure:4597: result: /usr/bin/grep -F
configure:4632: checking for ld used by gcc
configure:4699: result: /usr/bin/ld
configure:4706: checking if the linker (/usr/bin/ld) is GNU ld
configure:4721: result: yes
configure:4733: checking for BSD- or MS-compatible name lister (nm)
configure:4782: result: /usr/bin/nm -B
configure:4912: checking the name lister (/usr/bin/nm -B) interface
configure:4919: gcc -c -g -O2  conftest.c >&5
configure:4922: /usr/bin/nm -B "conftest.o"
configure:4925: output
0000000000000000 B some_variable
configure:4932: result: BSD nm
configure:4935: checking whether ln -s works
configure:4939: result: yes
configure:4947: checking the maximum length of command line arguments
configure:5077: result: 1572864
configure:5094: checking whether the shell understands some XSI constructs
configure:5104: result: yes
configure:5108: checking whether the shell understands "+="
configure:5114: result: yes
configure:5149: checking how to convert x86_64-unknown-linux-gnu file names to x86_64-unknown-linux-gnu format
configure:5189: result: func_convert_file_noop
configure:5196: checking how to convert x86_64-unknown-linux-gnu file names to toolchain format
configure:5216: result: func_convert_file_noop
configure:5223: checking for /usr/bin/ld option to reload object files
configure:5230: result: -r
configure:5304: checking for objdump
configure:5320: found /usr/bin/objdump
configure:5331: result: objdump
configure:5363: checking how to recognize dependent libraries
configure:5565: result: pass_all
configure:5650: checking for dlltool
configure:5680: result: no
configure:5710: checking how to associate runtime and link libraries
configure:5737: result: printf %s\n
configure:5798: checking for ar
configure:5814: found /usr/bin/ar
configure:5825: result: ar
configure:5862: checking for archiver @FILE support
configure:5879: gcc -c -g -O2  conftest.c >&5
configure:5879: $? = 0
configure:5882: ar cru libconftest.a @conftest.lst >&5
configure:5885: $? = 0
configure:5890: ar cru libconftest.a @conftest.lst >&5
ar: conftest.o: No such file or directory
configure:5893: $? = 1
configure:5905: result: @
configure:5963: checking for strip
configure:5979: found /usr/bin/strip
configure:5990: result: strip
configure:6062: checking for ranlib
configure:6078: found /usr/bin/ranlib
configure:6089: result: ranlib
configure:6191: checking command to parse /usr/bin/nm -B output from gcc object
configure:6311: gcc -c -g -O2  conftest.c >&5
configure:6314: $? = 0
configure:6318: /usr/bin/nm -B conftest.o \| sed -n -e 's/^.*[ ]\([ABCDGIRSTW][ABCDGIRSTW]*\)[ ][ ]*\([_A-Za-z][_A-Za-z0-9]*\)$/\1 \2 \2/p' | sed '/ __gnu_lto/d' \> conftest.nm
configure:6321: $? = 0
configure:6387: gcc -o conftest -g -O2   conftest.c conftstm.o >&5
configure:6390: $? = 0
configure:6428: result: ok
configure:6465: checking for sysroot
configure:6495: result: no
configure:6572: gcc -c -g -O2  conftest.c >&5
configure:6575: $? = 0
configure:6751: checking for mt
configure:6781: result: no
configure:6801: checking if : is a manifest tool
configure:6807: : '-?'
configure:6815: result: no
configure:7457: checking how to run the C preprocessor
configure:7488: gcc -E  conftest.c
configure:7488: $? = 0
configure:7502: gcc -E  conftest.c
conftest.c:11:28: fatal error: ac_nonexistent.h: No such file or directory
 #include <ac_nonexistent.h>
                            ^
compilation terminated.
configure:7502: $? = 1
configure: failed program was:
| /* confdefs.h */
| #define PACKAGE_NAME "libcds"
| #define PACKAGE_TARNAME "cds"
| #define PACKAGE_VERSION "1.0"
| #define PACKAGE_STRING "libcds 1.0"
| #define PACKAGE_BUGREPORT "fclaude@gmail.com"
| #define PACKAGE_URL "https://github.com/fclaude/libcds"
| #define PACKAGE "cds"
| #define VERSION "1.0"
| /* end confdefs.h.  */
| #include <ac_nonexistent.h>
configure:7527: result: gcc -E
configure:7547: gcc -E  conftest.c
configure:7547: $? = 0
configure:7561: gcc -E  conftest.c
conftest.c:11:28: fatal error: ac_nonexistent.h: No such file or directory
 #include <ac_nonexistent.h>
                            ^
compilation terminated.
configure:7561: $? = 1
configure: failed program was:
| /* confdefs.h */
| #define PACKAGE_NAME "libcds"
| #define PACKAGE_TARNAME "cds"
| #define PACKAGE_VERSION "1.0"
| #define PACKAGE_STRING "libcds 1.0"
| #define PACKAGE_BUGREPORT "fclaude@gmail.com"
| #define PACKAGE_URL "https://github.com/fclaude/libcds"
| #define PACKAGE "cds"
| #define VERSION "1.0"
| /* end confdefs.h.  */
| #include <ac_nonexistent.h>
configure:7590: checking for ANSI C header files
configure:7610: gcc -c -g -O2  conftest.c >&5
configure:7610: $? = 0
configure:7683: gcc -o conftest -g -O2   conftest.c  >&5
configure:7683: $? = 0
configure:7683: ./conftest
configure:7683: $? = 0
configure:7694: result: yes
configure:7707: checking for sys/types.h
configure:7707: gcc -c -g -O2  conftest.c >&5
configure:7707: $? = 0
configure:7707: result: yes
configure:7707: checking for sys/stat.h
configure:7707: gcc -c -g -O2  conftest.c >&5
configure:7707: $? = 0
configure:7707: result: yes
configure:7707: checking for stdlib.h
configure:7707: gcc -c -g -O2  conftest.c >&5
configure:7707: $? = 0
configure:7707: result: yes
configure:7707: checking for string.h
configure:7707: gcc -c -g -O2  conftest.c >&5
configure:7707: $? = 0
configure:7707: result: yes
configure:7707: checking for memory.h
configure:7707: gcc -c -g -O2  conftest.c >&5
configure:7707: $? = 0
configure:7707: result: yes
configure:7707: checking for strings.h
configure:7707: gcc -c -g -O2  conftest.c >&5
configure:7707: $? = 0
configure:7707: result: yes
configure:7707: checking for inttypes.h
configure:7707: gcc -c -g -O2  conftest.c >&5
configure:7707: $? = 0
configure:7707: result: yes
configure:7707: checking for stdint.h
configure:7707: gcc -c -g -O2  conftest.c >&5
configure:7707: $? = 0
configure:7707: result: yes
configure:7707: checking for unistd.h
configure:7707: gcc -c -g -O2  conftest.c >&5
configure:7707: $? = 0
configure:7707: result: yes
configure:7721: checking for dlfcn.h
configure:7721: gcc -c -g -O2  conftest.c >&5
configure:7721: $? = 0
configure:7721: result: yes
configure:7925: checking for objdir
configure:7940: result: .libs
configure:8211: checking if gcc supports -fno-rtti -fno-exceptions
configure:8229: gcc -c -g -O2  -fno-rtti -fno-exceptions conftest.c >&5
cc1: warning: command line option '-fno-rtti' is valid for C++/ObjC++ but not for C [enabled by default]
configure:8233: $? = 0
configure:8246: result: no
configure:8573: checking for gcc option to produce PIC
configure:8580: result: -fPIC -DPIC
configure:8588: checking if gcc PIC flag -fPIC -DPIC works
configure:8606: gcc -c -g -O2  -fPIC -DPIC -DPIC conftest.c >&5
configure:8610: $? = 0
configure:8623: result: yes
configure:8652: checking if gcc static flag -static works
configure:8680: result: yes
configure:8695: checking if gcc supports -c -o file.o
configure:8716: gcc -c -g -O2  -o out/conftest2.o conftest.c >&5
configure:8720: $? = 0
configure:8742: result: yes
configure:8750: checking if gcc supports -c -o file.o
configure:8797: result: yes
configure:8830: checking whether the gcc linker (/usr/bin/ld -m elf_x86_64) supports shared libraries
configure:9987: result: yes
configure:10024: checking whether -lc should be explicitly linked in
configure:10032: gcc -c -g -O2  conftest.c >&5
configure:10035: $? = 0
configure:10050: gcc -shared  -fPIC -DPIC conftest.o  -v -Wl,-soname -Wl,conftest -o conftest 2\>\&1 \| /usr/bin/grep  -lc  \>/dev/null 2\>\&1
configure:10053: $? = 0
configure:10067: result: no
configure:10227: checking dynamic linker characteristics
configure:10738: gcc -o conftest -g -O2   -Wl,-rpath -Wl,/foo conftest.c  >&5
configure:10738: $? = 0
configure:10972: result: GNU/Linux ld.so
configure:11079: checking how to hardcode library paths into programs
configure:11104: result: immediate
configure:11644: checking whether stripping libraries is possible
configure:11649: result: yes
configure:11684: checking if libtool supports shared libraries
configure:11686: result: yes
configure:11689: checking whether to build shared libraries
configure:11710: result: yes
configure:11713: checking whether to build static libraries
configure:11717: result: yes
configure:11856: checking for doxygen
configure:11889: result: no
configure:11909: WARNING: doxygen not found - will not generate any doxygen documentation
configure:11962: checking for perl
configure:11980: found /usr/bin/perl
configure:11992: result: /usr/bin/perl
configure:13646: checking for g++
configure:13662: found /usr/bin/g++
configure:13673: result: g++
configure:13700: checking for C++ compiler version
configure:13709: g++ --version >&5
g++ (GCC) 4.8.2 20131212 (Red Hat 4.8.2-7)
Copyright (C) 2013 Free Software Foundation, Inc.
This is free software; see the source for copying conditions.  There is NO
warranty; not even for MERCHANTABILITY or FITNESS FOR A PARTICULAR PURPOSE.

configure:13720: $? = 0
configure:13709: g++ -v >&5
Using built-in specs.
COLLECT_GCC=g++
COLLECT_LTO_WRAPPER=/usr/libexec/gcc/x86_64-redhat-linux/4.8.2/lto-wrapper
Target: x86_64-redhat-linux
Configured with: ../configure --prefix=/usr --mandir=/usr/share/man --infodir=/usr/share/info --with-bugurl=http://bugzilla.redhat.com/bugzilla --enable-bootstrap --enable-shared --enable-threads=posix --enable-checking=release --with-system-zlib --enable-__cxa_atexit --disable-libunwind-exceptions --enable-gnu-unique-object --enable-linker-build-id --with-linker-hash-style=gnu --enable-languages=c,c++,objc,obj-c++,java,fortran,ada,go,lto --enable-plugin --enable-initfini-array --enable-java-awt=gtk --disable-dssi --with-java-home=/usr/lib/jvm/java-1.5.0-gcj-1.5.0.0/jre --enable-libgcj-multifile --enable-java-maintainer-mode --with-ecj-jar=/usr/share/java/eclipse-ecj.jar --disable-libjava-multilib --with-isl=/builddir/build/BUILD/gcc-4.8.2-20131212/obj-x86_64-redhat-linux/isl-install --with-cloog=/builddir/build/BUILD/gcc-4.8.2-20131212/obj-x86_64-redhat-linux/cloog-install --with-tune=generic --with-arch_32=i686 --build=x86_64-redhat-linux
Thread model: posix
gcc version 4.8.2 20131212 (Red Hat 4.8.2-7) (GCC) 
configure:13720: $? = 0
configure:13709: g++ -V >&5
g++: error: unrecognized command line option '-V'
g++: fatal error: no input files
compilation terminated.
configure:13720: $? = 4
configure:13709: g++ -qversion >&5
g++: error: unrecognized command line option '-qversion'
g++: fatal error: no input files
compilation terminated.
configure:13720: $? = 4
configure:13724: checking whether we are using the GNU C++ compiler
configure:13743: g++ -c   conftest.cpp >&5
configure:13743: $? = 0
configure:13752: result: yes
configure:13761: checking whether g++ accepts -g
configure:13781: g++ -c -g  conftest.cpp >&5
configure:13781: $? = 0
configure:13822: result: yes
configure:13847: checking dependency style of g++
configure:13958: result: gcc3
configure:13991: checking how to run the C++ preprocessor
configure:14018: g++ -E  conftest.cpp
configure:14018: $? = 0
configure:14032: g++ -E  conftest.cpp
conftest.cpp:23:28: fatal error: ac_nonexistent.h: No such file or directory
 #include <ac_nonexistent.h>
                            ^
compilation terminated.
configure:14032: $? = 1
configure: failed program was:
| /* confdefs.h */
| #define PACKAGE_NAME "libcds"
| #define PACKAGE_TARNAME "cds"
| #define PACKAGE_VERSION "1.0"
| #define PACKAGE_STRING "libcds 1.0"
| #define PACKAGE_BUGREPORT "fclaude@gmail.com"
| #define PACKAGE_URL "https://github.com/fclaude/libcds"
| #define PACKAGE "cds"
| #define VERSION "1.0"
| #define STDC_HEADERS 1
| #define HAVE_SYS_TYPES_H 1
| #define HAVE_SYS_STAT_H 1
| #define HAVE_STDLIB_H 1
| #define HAVE_STRING_H 1
| #define HAVE_MEMORY_H 1
| #define HAVE_STRINGS_H 1
| #define HAVE_INTTYPES_H 1
| #define HAVE_STDINT_H 1
| #define HAVE_UNISTD_H 1
| #define HAVE_DLFCN_H 1
| #define LT_OBJDIR ".libs/"
| /* end confdefs.h.  */
| #include <ac_nonexistent.h>
configure:14057: result: g++ -E
configure:14077: g++ -E  conftest.cpp
configure:14077: $? = 0
configure:14091: g++ -E  conftest.cpp
conftest.cpp:23:28: fatal error: ac_nonexistent.h: No such file or directory
 #include <ac_nonexistent.h>
                            ^
compilation terminated.
configure:14091: $? = 1
configure: failed program was:
| /* confdefs.h */
| #define PACKAGE_NAME "libcds"
| #define PACKAGE_TARNAME "cds"
| #define PACKAGE_VERSION "1.0"
| #define PACKAGE_STRING "libcds 1.0"
| #define PACKAGE_BUGREPORT "fclaude@gmail.com"
| #define PACKAGE_URL "https://github.com/fclaude/libcds"
| #define PACKAGE "cds"
| #define VERSION "1.0"
| #define STDC_HEADERS 1
| #define HAVE_SYS_TYPES_H 1
| #define HAVE_SYS_STAT_H 1
| #define HAVE_STDLIB_H 1
| #define HAVE_STRING_H 1
| #define HAVE_MEMORY_H 1
| #define HAVE_STRINGS_H 1
| #define HAVE_INTTYPES_H 1
| #define HAVE_STDINT_H 1
| #define HAVE_UNISTD_H 1
| #define HAVE_DLFCN_H 1
| #define LT_OBJDIR ".libs/"
| /* end confdefs.h.  */
| #include <ac_nonexistent.h>
configure:14260: checking for ld used by g++
configure:14327: result: /usr/bin/ld -m elf_x86_64
configure:14334: checking if the linker (/usr/bin/ld -m elf_x86_64) is GNU ld
configure:14349: result: yes
configure:14404: checking whether the g++ linker (/usr/bin/ld -m elf_x86_64) supports shared libraries
configure:15409: result: yes
configure:15445: g++ -c -g -O2  conftest.cpp >&5
configure:15448: $? = 0
configure:15968: checking for g++ option to produce PIC
configure:15975: result: -fPIC -DPIC
configure:15983: checking if g++ PIC flag -fPIC -DPIC works
configure:16001: g++ -c -g -O2  -fPIC -DPIC -DPIC conftest.cpp >&5
configure:16005: $? = 0
configure:16018: result: yes
configure:16041: checking if g++ static flag -static works
configure:16069: result: no
configure:16081: checking if g++ supports -c -o file.o
configure:16102: g++ -c -g -O2  -o out/conftest2.o conftest.cpp >&5
configure:16106: $? = 0
configure:16128: result: yes
configure:16133: checking if g++ supports -c -o file.o
configure:16180: result: yes
configure:16210: checking whether the g++ linker (/usr/bin/ld -m elf_x86_64) supports shared libraries
configure:16249: result: yes
configure:16390: checking dynamic linker characteristics
configure:17069: result: GNU/Linux ld.so
configure:17122: checking how to hardcode library paths into programs
configure:17147: result: immediate
configure:17194: checking whether make sets $(MAKE)
configure:17216: result: yes
configure:17233: checking for stdint.h
configure:17233: result: yes
configure:17233: checking for stdlib.h
configure:17233: result: yes
configure:17233: checking sys/timeb.h usability
configure:17233: g++ -c -g -O2  conftest.cpp >&5
configure:17233: $? = 0
configure:17233: result: yes
configure:17233: checking sys/timeb.h presence
configure:17233: g++ -E  conftest.cpp
configure:17233: $? = 0
configure:17233: result: yes
configure:17233: checking for sys/timeb.h
configure:17233: result: yes
configure:17233: checking for unistd.h
configure:17233: result: yes
configure:17245: checking for stdbool.h that conforms to C99
configure:17312: g++ -c -g -O2  conftest.cpp >&5
configure:17312: $? = 0
configure:17319: result: yes
configure:17321: checking for _Bool
configure:17321: g++ -c -g -O2  conftest.cpp >&5
conftest.cpp: In function 'int main()':
conftest.cpp:63:13: error: '_Bool' was not declared in this scope
 if (sizeof (_Bool))
             ^
configure:17321: $? = 1
configure: failed program was:
| /* confdefs.h */
| #define PACKAGE_NAME "libcds"
| #define PACKAGE_TARNAME "cds"
| #define PACKAGE_VERSION "1.0"
| #define PACKAGE_STRING "libcds 1.0"
| #define PACKAGE_BUGREPORT "fclaude@gmail.com"
| #define PACKAGE_URL "https://github.com/fclaude/libcds"
| #define PACKAGE "cds"
| #define VERSION "1.0"
| #define STDC_HEADERS 1
| #define HAVE_SYS_TYPES_H 1
| #define HAVE_SYS_STAT_H 1
| #define HAVE_STDLIB_H 1
| #define HAVE_STRING_H 1
| #define HAVE_MEMORY_H 1
| #define HAVE_STRINGS_H 1
| #define HAVE_INTTYPES_H 1
| #define HAVE_STDINT_H 1
| #define HAVE_UNISTD_H 1
| #define HAVE_DLFCN_H 1
| #define LT_OBJDIR ".libs/"
| #define HAVE_STDINT_H 1
| #define HAVE_STDLIB_H 1
| #define HAVE_SYS_TIMEB_H 1
| #define HAVE_UNISTD_H 1
| /* end confdefs.h.  */
| #include <stdio.h>
| #ifdef HAVE_SYS_TYPES_H
| # include <sys/types.h>
| #endif
| #ifdef HAVE_SYS_STAT_H
| # include <sys/stat.h>
| #endif
| #ifdef STDC_HEADERS
| # include <stdlib.h>
| # include <stddef.h>
| #else
| # ifdef HAVE_STDLIB_H
| #  include <stdlib.h>
| # endif
| #endif
| #ifdef HAVE_STRING_H
| # if !defined STDC_HEADERS && defined HAVE_MEMORY_H
| #  include <memory.h>
| # endif
| # include <string.h>
| #endif
| #ifdef HAVE_STRINGS_H
| # include <strings.h>
| #endif
| #ifdef HAVE_INTTYPES_H
| # include <inttypes.h>
| #endif
| #ifdef HAVE_STDINT_H
| # include <stdint.h>
| #endif
| #ifdef HAVE_UNISTD_H
| # include <unistd.h>
| #endif
| int
| main ()
| {
| if (sizeof (_Bool))
| 	 return 0;
|   ;
|   return 0;
| }
configure:17321: result: no
configure:17338: checking for inline
configure:17354: g++ -c -g -O2  conftest.cpp >&5
configure:17354: $? = 0
configure:17362: result: inline
configure:17380: checking for size_t
configure:17380: g++ -c -g -O2  conftest.cpp >&5
configure:17380: $? = 0
configure:17380: g++ -c -g -O2  conftest.cpp >&5
conftest.cpp: In function 'int main()':
conftest.cpp:64:20: error: expected primary-expression before ')' token
 if (sizeof ((size_t)))
                    ^
configure:17380: $? = 1
configure: failed program was:
| /* confdefs.h */
| #define PACKAGE_NAME "libcds"
| #define PACKAGE_TARNAME "cds"
| #define PACKAGE_VERSION "1.0"
| #define PACKAGE_STRING "libcds 1.0"
| #define PACKAGE_BUGREPORT "fclaude@gmail.com"
| #define PACKAGE_URL "https://github.com/fclaude/libcds"
| #define PACKAGE "cds"
| #define VERSION "1.0"
| #define STDC_HEADERS 1
| #define HAVE_SYS_TYPES_H 1
| #define HAVE_SYS_STAT_H 1
| #define HAVE_STDLIB_H 1
| #define HAVE_STRING_H 1
| #define HAVE_MEMORY_H 1
| #define HAVE_STRINGS_H 1
| #define HAVE_INTTYPES_H 1
| #define HAVE_STDINT_H 1
| #define HAVE_UNISTD_H 1
| #define HAVE_DLFCN_H 1
| #define LT_OBJDIR ".libs/"
| #define HAVE_STDINT_H 1
| #define HAVE_STDLIB_H 1
| #define HAVE_SYS_TIMEB_H 1
| #define HAVE_UNISTD_H 1
| #define HAVE_STDBOOL_H 1
| /* end confdefs.h.  */
| #include <stdio.h>
| #ifdef HAVE_SYS_TYPES_H
| # include <sys/types.h>
| #endif
| #ifdef HAVE_SYS_STAT_H
| # include <sys/stat.h>
| #endif
| #ifdef STDC_HEADERS
| # include <stdlib.h>
| # include <stddef.h>
| #else
| # ifdef HAVE_STDLIB_H
| #  include <stdlib.h>
| # endif
| #endif
| #ifdef HAVE_STRING_H
| # if !defined STDC_HEADERS && defined HAVE_MEMORY_H
| #  include <memory.h>
| # endif
| # include <string.h>
| #endif
| #ifdef HAVE_STRINGS_H
| # include <strings.h>
| #endif
| #ifdef HAVE_INTTYPES_H
| # include <inttypes.h>
| #endif
| #ifdef HAVE_STDINT_H
| # include <stdint.h>
| #endif
| #ifdef HAVE_UNISTD_H
| # include <unistd.h>
| #endif
| int
| main ()
| {
| if (sizeof ((size_t)))
| 	    return 0;
|   ;
|   return 0;
| }
configure:17380: result: yes
configure:17391: checking for uint32_t
configure:17391: g++ -c -g -O2  conftest.cpp >&5
configure:17391: $? = 0
configure:17391: result: yes
configure:17409: checking for stdlib.h
configure:17409: result: yes
configure:17419: checking for GNU libc compatible malloc
configure:17443: g++ -o conftest -g -O2   conftest.cpp  >&5
configure:17443: $? = 0
configure:17443: ./conftest
configure:17443: $? = 0
configure:17453: result: yes
configure:17476: checking for stdlib.h
configure:17476: result: yes
configure:17486: checking for GNU libc compatible realloc
configure:17510: g++ -o conftest -g -O2   conftest.cpp  >&5
configure:17510: $? = 0
configure:17510: ./conftest
configure:17510: $? = 0
configure:17520: result: yes
configure:17543: checking for select
configure:17543: g++ -o conftest -g -O2   conftest.cpp  >&5
configure:17543: $? = 0
configure:17543: result: yes
configure:17733: creating ./config.status

## ---------------------- ##
## Running config.status. ##
## ---------------------- ##

This file was extended by libcds config.status 1.0, which was
generated by GNU Autoconf 2.69.  Invocation command line was

  CONFIG_FILES    = 
  CONFIG_HEADERS  = 
  CONFIG_LINKS    = 
  CONFIG_COMMANDS = 
  $ ./config.status 

on localhost.localdomain

config.status:1208: creating Makefile
config.status:1208: creating cds.pc
config.status:1208: creating src/Makefile
config.status:1208: creating tests/Makefile
config.status:1208: creating tutorial/src/Makefile
config.status:1208: creating tutorial/ssa/Makefile
config.status:1208: creating build-aux/config.h
config.status:1389: build-aux/config.h is unchanged
config.status:1437: executing depfiles commands
config.status:1437: executing libtool commands

## ---------------- ##
## Cache variables. ##
## ---------------- ##

ac_cv_build=x86_64-unknown-linux-gnu
ac_cv_c_compiler_gnu=yes
ac_cv_c_inline=inline
ac_cv_c_uint32_t=yes
ac_cv_cxx_compiler_gnu=yes
ac_cv_env_CCC_set=
ac_cv_env_CCC_value=
ac_cv_env_CC_set=
ac_cv_env_CC_value=
ac_cv_env_CFLAGS_set=
ac_cv_env_CFLAGS_value=
ac_cv_env_CPPFLAGS_set=
ac_cv_env_CPPFLAGS_value=
ac_cv_env_CPP_set=
ac_cv_env_CPP_value=
ac_cv_env_CXXCPP_set=
ac_cv_env_CXXCPP_value=
ac_cv_env_CXXFLAGS_set=
ac_cv_env_CXXFLAGS_value=
ac_cv_env_CXX_set=
ac_cv_env_CXX_value=
ac_cv_env_DOXYGEN_PAPER_SIZE_set=
ac_cv_env_DOXYGEN_PAPER_SIZE_value=
ac_cv_env_LDFLAGS_set=
ac_cv_env_LDFLAGS_value=
ac_cv_env_LIBS_set=
ac_cv_env_LIBS_value=
ac_cv_env_build_alias_set=
ac_cv_env_build_alias_value=
ac_cv_env_host_alias_set=
ac_cv_env_host_alias_value=
ac_cv_env_target_alias_set=
ac_cv_env_target_alias_value=
ac_cv_func_malloc_0_nonnull=yes
ac_cv_func_realloc_0_nonnull=yes
ac_cv_func_select=yes
ac_cv_header_dlfcn_h=yes
ac_cv_header_inttypes_h=yes
ac_cv_header_memory_h=yes
ac_cv_header_stdbool_h=yes
ac_cv_header_stdc=yes
ac_cv_header_stdint_h=yes
ac_cv_header_stdlib_h=yes
ac_cv_header_string_h=yes
ac_cv_header_strings_h=yes
ac_cv_header_sys_stat_h=yes
ac_cv_header_sys_timeb_h=yes
ac_cv_header_sys_types_h=yes
ac_cv_header_unistd_h=yes
ac_cv_host=x86_64-unknown-linux-gnu
ac_cv_objext=o
ac_cv_path_EGREP='/usr/bin/grep -E'
ac_cv_path_FGREP='/usr/bin/grep -F'
ac_cv_path_GREP=/usr/bin/grep
ac_cv_path_SED=/usr/bin/sed
ac_cv_path_ac_pt_DX_PERL=/usr/bin/perl
ac_cv_path_install='/usr/bin/install -c'
ac_cv_path_mkdir=/usr/bin/mkdir
ac_cv_prog_AWK=gawk
ac_cv_prog_CPP='gcc -E'
ac_cv_prog_CXXCPP='g++ -E'
ac_cv_prog_ac_ct_AR=ar
ac_cv_prog_ac_ct_CC=gcc
ac_cv_prog_ac_ct_CXX=g++
ac_cv_prog_ac_ct_OBJDUMP=objdump
ac_cv_prog_ac_ct_RANLIB=ranlib
ac_cv_prog_ac_ct_STRIP=strip
ac_cv_prog_cc_c89=
ac_cv_prog_cc_g=yes
ac_cv_prog_cxx_g=yes
ac_cv_prog_make_make_set=yes
ac_cv_type__Bool=no
ac_cv_type_size_t=yes
am_cv_CC_dependencies_compiler_type=gcc3
am_cv_CXX_dependencies_compiler_type=gcc3
am_cv_make_support_nested_variables=yes
lt_cv_ar_at_file=@
lt_cv_archive_cmds_need_lc=no
lt_cv_deplibs_check_method=pass_all
lt_cv_file_magic_cmd='$MAGIC_CMD'
lt_cv_file_magic_test_file=
lt_cv_ld_reload_flag=-r
lt_cv_nm_interface='BSD nm'
lt_cv_objdir=.libs
lt_cv_path_LD=/usr/bin/ld
lt_cv_path_LDCXX='/usr/bin/ld -m elf_x86_64'
lt_cv_path_NM='/usr/bin/nm -B'
lt_cv_path_mainfest_tool=no
lt_cv_prog_compiler_c_o=yes
lt_cv_prog_compiler_c_o_CXX=yes
lt_cv_prog_compiler_pic='-fPIC -DPIC'
lt_cv_prog_compiler_pic_CXX='-fPIC -DPIC'
lt_cv_prog_compiler_pic_works=yes
lt_cv_prog_compiler_pic_works_CXX=yes
lt_cv_prog_compiler_rtti_exceptions=no
lt_cv_prog_compiler_static_works=yes
lt_cv_prog_compiler_static_works_CXX=no
lt_cv_prog_gnu_ld=yes
lt_cv_prog_gnu_ldcxx=yes
lt_cv_sharedlib_from_linklib_cmd='printf %s\n'
lt_cv_shlibpath_overrides_runpath=no
lt_cv_sys_global_symbol_pipe='sed -n -e '\''s/^.*[	 ]\([ABCDGIRSTW][ABCDGIRSTW]*\)[	 ][	 ]*\([_A-Za-z][_A-Za-z0-9]*\)$/\1 \2 \2/p'\'' | sed '\''/ __gnu_lto/d'\'''
lt_cv_sys_global_symbol_to_c_name_address='sed -n -e '\''s/^: \([^ ]*\)[ ]*$/  {\"\1\", (void *) 0},/p'\'' -e '\''s/^[ABCDGIRSTW]* \([^ ]*\) \([^ ]*\)$/  {"\2", (void *) \&\2},/p'\'''
lt_cv_sys_global_symbol_to_c_name_address_lib_prefix='sed -n -e '\''s/^: \([^ ]*\)[ ]*$/  {\"\1\", (void *) 0},/p'\'' -e '\''s/^[ABCDGIRSTW]* \([^ ]*\) \(lib[^ ]*\)$/  {"\2", (void *) \&\2},/p'\'' -e '\''s/^[ABCDGIRSTW]* \([^ ]*\) \([^ ]*\)$/  {"lib\2", (void *) \&\2},/p'\'''
lt_cv_sys_global_symbol_to_cdecl='sed -n -e '\''s/^T .* \(.*\)$/extern int \1();/p'\'' -e '\''s/^[ABCDGIRSTW]* .* \(.*\)$/extern char \1;/p'\'''
lt_cv_sys_max_cmd_len=1572864
lt_cv_to_host_file_cmd=func_convert_file_noop
lt_cv_to_tool_file_cmd=func_convert_file_noop

## ----------------- ##
## Output variables. ##
## ----------------- ##

ACLOCAL='${SHELL} /home/andras/rrr-size-vs-density/libcds/lib/src/libcds/build-aux/missing --run aclocal-1.11'
AMDEPBACKSLASH='\'
AMDEP_FALSE='#'
AMDEP_TRUE=''
AMTAR='$${TAR-tar}'
AM_BACKSLASH='\'
AM_DEFAULT_V='$(AM_DEFAULT_VERBOSITY)'
AM_DEFAULT_VERBOSITY='0'
AM_V='$(V)'
AR='ar'
AUTOCONF='${SHELL} /home/andras/rrr-size-vs-density/libcds/lib/src/libcds/build-aux/missing --run autoconf'
AUTOHEADER='${SHELL} /home/andras/rrr-size-vs-density/libcds/lib/src/libcds/build-aux/missing --run autoheader'
AUTOMAKE='${SHELL} /home/andras/rrr-size-vs-density/libcds/lib/src/libcds/build-aux/missing --run automake-1.11'
AWK='gawk'
CC='gcc'
CCDEPMODE='depmode=gcc3'
CDS_SO_VERSION='1:3:0'
CFLAGS='-g -O2'
CPP='gcc -E'
CPPFLAGS=''
CXX='g++'
CXXCPP='g++ -E'
CXXDEPMODE='depmode=gcc3'
CXXFLAGS='-g -O2'
CYGPATH_W='echo'
DEFS='-DHAVE_CONFIG_H'
DEPDIR='.deps'
DLLTOOL='false'
DOXYGEN_PAPER_SIZE=''
DSYMUTIL=''
DUMPBIN=''
DX_COND_chi_FALSE=''
DX_COND_chi_TRUE='#'
DX_COND_chm_FALSE=''
DX_COND_chm_TRUE='#'
DX_COND_doc_FALSE=''
DX_COND_doc_TRUE='#'
DX_COND_dot_FALSE=''
DX_COND_dot_TRUE='#'
DX_COND_html_FALSE=''
DX_COND_html_TRUE='#'
DX_COND_latex_FALSE=''
DX_COND_latex_TRUE='#'
DX_COND_man_FALSE=''
DX_COND_man_TRUE='#'
DX_COND_pdf_FALSE=''
DX_COND_pdf_TRUE='#'
DX_COND_ps_FALSE=''
DX_COND_ps_TRUE='#'
DX_COND_rtf_FALSE=''
DX_COND_rtf_TRUE='#'
DX_COND_xml_FALSE=''
DX_COND_xml_TRUE='#'
DX_CONFIG='Doxyfile'
DX_DOCDIR='docs/'
DX_DOT=''
DX_DOXYGEN=''
DX_DVIPS=''
DX_EGREP=''
DX_ENV=' SRCDIR='\''.'\'' PROJECT='\''libcds'\'' DOCDIR='\''docs/'\'' VERSION='\''1.0'\'' HAVE_DOT='\''NO'\'' GENERATE_MAN='\''NO'\'' GENERATE_RTF='\''NO'\'' GENERATE_XML='\''NO'\'' GENERATE_HTMLHELP='\''NO'\'' GENERATE_CHI='\''NO'\'' GENERATE_HTML='\''NO'\'' GENERATE_LATEX='\''NO'\'''
DX_FLAG_chi='0'
DX_FLAG_chm='0'
DX_FLAG_doc='0'
DX_FLAG_dot='0'
DX_FLAG_html='0'
DX_FLAG_man='0'
DX_FLAG_pdf='0'
DX_FLAG_ps='0'
DX_FLAG_rtf='0'
DX_FLAG_xml='0'
DX_HHC=''
DX_LATEX=''
DX_MAKEINDEX=''
DX_PDFLATEX=''
DX_PERL='/usr/bin/perl'
DX_PROJECT='libcds'
ECHO_C=''
ECHO_N='-n'
ECHO_T=''
EGREP='/usr/bin/grep -E'
EXEEXT=''
FGREP='/usr/bin/grep -F'
GREP='/usr/bin/grep'
INSTALL_DATA='${INSTALL} -m 644'
INSTALL_PROGRAM='${INSTALL}'
INSTALL_SCRIPT='${INSTALL}'
INSTALL_STRIP_PROGRAM='$(install_sh) -c -s'
LD='/usr/bin/ld -m elf_x86_64'
LDFLAGS=''
LIBOBJS=''
LIBS=''
LIBTOOL='$(SHELL) $(top_builddir)/libtool'
LIBTOOL_DEPS='build-aux/ltmain.sh'
LIPO=''
LN_S='ln -s'
LTLIBOBJS=''
MAKEINFO='${SHELL} /home/andras/rrr-size-vs-density/libcds/lib/src/libcds/build-aux/missing --run makeinfo'
MANIFEST_TOOL=':'
MKDIR_P='/usr/bin/mkdir -p'
NM='/usr/bin/nm -B'
NMEDIT=''
OBJDUMP='objdump'
OBJEXT='o'
OTOOL64=''
OTOOL=''
PACKAGE='cds'
PACKAGE_BUGREPORT='fclaude@gmail.com'
PACKAGE_NAME='libcds'
PACKAGE_STRING='libcds 1.0'
PACKAGE_TARNAME='cds'
PACKAGE_URL='https://github.com/fclaude/libcds'
PACKAGE_VERSION='1.0'
PATH_SEPARATOR=':'
RANLIB='ranlib'
SED='/usr/bin/sed'
SET_MAKE=''
SHELL='/bin/sh'
STRIP='strip'
VERSION='1.0'
ac_ct_AR='ar'
ac_ct_CC='gcc'
ac_ct_CXX='g++'
ac_ct_DUMPBIN=''
am__EXEEXT_FALSE=''
am__EXEEXT_TRUE='#'
am__fastdepCC_FALSE='#'
am__fastdepCC_TRUE=''
am__fastdepCXX_FALSE='#'
am__fastdepCXX_TRUE=''
am__include='include'
am__isrc=''
am__leading_dot='.'
am__nodep='_no'
am__quote=''
am__tar='$${TAR-tar} chof - "$$tardir"'
am__untar='$${TAR-tar} xf -'
bindir='${exec_prefix}/bin'
build='x86_64-unknown-linux-gnu'
build_alias=''
build_cpu='x86_64'
build_os='linux-gnu'
build_vendor='unknown'
datadir='${datarootdir}'
datarootdir='${prefix}/share'
docdir='${datarootdir}/doc/${PACKAGE_TARNAME}'
dvidir='${docdir}'
exec_prefix='${prefix}'
host='x86_64-unknown-linux-gnu'
host_alias=''
host_cpu='x86_64'
host_os='linux-gnu'
host_vendor='unknown'
htmldir='${docdir}'
includedir='${prefix}/include'
infodir='${datarootdir}/info'
install_sh='${SHELL} /home/andras/rrr-size-vs-density/libcds/lib/src/libcds/build-aux/install-sh'
libdir='${exec_prefix}/lib'
libexecdir='${exec_prefix}/libexec'
localedir='${datarootdir}/locale'
localstatedir='${prefix}/var'
mandir='${datarootdir}/man'
mkdir_p='/usr/bin/mkdir -p'
oldincludedir='/usr/include'
pdfdir='${docdir}'
prefix='/home/andras/rrr-size-vs-density/libcds/lib/build'
program_transform_name='s,x,x,'
psdir='${docdir}'
sbindir='${exec_prefix}/sbin'
sharedstatedir='${prefix}/com'
sysconfdir='${prefix}/etc'
target_alias=''

## ----------- ##
## confdefs.h. ##
## ----------- ##

/* confdefs.h */
#define PACKAGE_NAME "libcds"
#define PACKAGE_TARNAME "cds"
#define PACKAGE_VERSION "1.0"
#define PACKAGE_STRING "libcds 1.0"
#define PACKAGE_BUGREPORT "fclaude@gmail.com"
#define PACKAGE_URL "https://github.com/fclaude/libcds"
#define PACKAGE "cds"
#define VERSION "1.0"
#define STDC_HEADERS 1
#define HAVE_SYS_TYPES_H 1
#define HAVE_SYS_STAT_H 1
#define HAVE_STDLIB_H 1
#define HAVE_STRING_H 1
#define HAVE_MEMORY_H 1
#define HAVE_STRINGS_H 1
#define HAVE_INTTYPES_H 1
#define HAVE_STDINT_H 1
#define HAVE_UNISTD_H 1
#define HAVE_DLFCN_H 1
#define LT_OBJDIR ".libs/"
#define HAVE_STDINT_H 1
#define HAVE_STDLIB_H 1
#define HAVE_SYS_TIMEB_H 1
#define HAVE_UNISTD_H 1
#define HAVE_STDBOOL_H 1
#define HAVE_STDLIB_H 1
#define HAVE_MALLOC 1
#define HAVE_STDLIB_H 1
#define HAVE_REALLOC 1
#define HAVE_SELECT 1

configure: exit 0
